<?xml version="1.0" encoding="utf-8"?>
<CoverageSession xmlns:xsd="http://www.w3.org/2001/XMLSchema" xmlns:xsi="http://www.w3.org/2001/XMLSchema-instance">
  <Summary numSequencePoints="699" visitedSequencePoints="619" numBranchPoints="176" visitedBranchPoints="144" sequenceCoverage="88.56" branchCoverage="81.82" maxCyclomaticComplexity="4" minCyclomaticComplexity="1" visitedClasses="19" numClasses="23" visitedMethods="118" numMethods="138" />
  <Modules>
    <Module skippedDueTo="Filter" hash="58-56-34-A9-6C-4F-CF-85-82-82-86-1A-D3-4E-31-E8-66-61-26-EF">
      <ModulePath>C:\Program Files\dotnet\shared\Microsoft.NETCore.App\2.0.6\System.Private.CoreLib.dll</ModulePath>
      <ModuleTime>2018-02-12T18:08:18Z</ModuleTime>
      <ModuleName>System.Private.CoreLib</ModuleName>
      <Classes />
    </Module>
    <Module skippedDueTo="MissingPdb" hash="FC-E4-49-8C-F5-22-EF-9F-DB-BB-DB-06-AD-33-23-01-CE-D3-14-D7">
      <ModulePath>C:\Program Files\dotnet\sdk\2.1.103\dotnet.dll</ModulePath>
      <ModuleTime>2018-03-21T03:22:08Z</ModuleTime>
      <ModuleName>dotnet</ModuleName>
      <Classes />
    </Module>
    <Module skippedDueTo="Filter" hash="51-28-11-6C-8A-A5-B7-C1-5A-08-A7-9B-A1-70-42-E5-81-92-6A-CC">
      <ModulePath>C:\Program Files\dotnet\shared\Microsoft.NETCore.App\2.0.6\System.Runtime.dll</ModulePath>
      <ModuleTime>2018-02-12T18:08:16Z</ModuleTime>
      <ModuleName>System.Runtime</ModuleName>
      <Classes />
    </Module>
    <Module skippedDueTo="MissingPdb" hash="01-E9-BC-E1-1E-6C-6F-F8-8D-94-8C-F9-53-C4-5D-FC-D0-C6-02-CE">
      <ModulePath>C:\Program Files\dotnet\sdk\2.1.103\Microsoft.DotNet.Cli.Utils.dll</ModulePath>
      <ModuleTime>2018-03-21T03:16:48Z</ModuleTime>
      <ModuleName>Microsoft.DotNet.Cli.Utils</ModuleName>
      <Classes />
    </Module>
    <Module skippedDueTo="Filter" hash="36-CF-3D-8F-33-3D-0E-88-AE-58-32-68-A9-59-3F-F9-10-44-D8-4E">
      <ModulePath>C:\Program Files\dotnet\shared\Microsoft.NETCore.App\2.0.6\System.Runtime.Extensions.dll</ModulePath>
      <ModuleTime>2018-02-12T18:08:16Z</ModuleTime>
      <ModuleName>System.Runtime.Extensions</ModuleName>
      <Classes />
    </Module>
    <Module skippedDueTo="Filter" hash="83-1F-2B-55-93-E3-AF-2A-CA-E7-4A-06-94-92-8D-3F-24-22-32-9C">
      <ModulePath>C:\Program Files\dotnet\shared\Microsoft.NETCore.App\2.0.6\System.Runtime.Loader.dll</ModulePath>
      <ModuleTime>2018-02-12T18:08:16Z</ModuleTime>
      <ModuleName>System.Runtime.Loader</ModuleName>
      <Classes />
    </Module>
    <Module skippedDueTo="MissingPdb" hash="C5-8C-5E-E1-FD-9C-63-F7-15-7E-EF-EA-15-1E-0E-06-6B-01-47-57">
      <ModulePath>C:\Program Files\dotnet\sdk\2.1.103\Microsoft.DotNet.PlatformAbstractions.dll</ModulePath>
      <ModuleTime>2018-03-21T03:16:48Z</ModuleTime>
      <ModuleName>Microsoft.DotNet.PlatformAbstractions</ModuleName>
      <Classes />
    </Module>
    <Module skippedDueTo="Filter" hash="C5-2B-DD-C6-5B-96-07-F3-04-F0-EA-41-A0-C5-1D-30-9E-F1-A1-DA">
      <ModulePath>C:\Program Files\dotnet\shared\Microsoft.NETCore.App\2.0.6\System.Runtime.InteropServices.RuntimeInformation.dll</ModulePath>
      <ModuleTime>2018-02-12T18:08:16Z</ModuleTime>
      <ModuleName>System.Runtime.InteropServices.RuntimeInformation</ModuleName>
      <Classes />
    </Module>
    <Module skippedDueTo="Filter" hash="84-A5-B8-46-CD-04-96-4C-32-C3-DE-96-00-01-58-8F-15-55-48-8C">
      <ModulePath>C:\Program Files\dotnet\shared\Microsoft.NETCore.App\2.0.6\System.Reflection.dll</ModulePath>
      <ModuleTime>2018-02-12T18:08:16Z</ModuleTime>
      <ModuleName>System.Reflection</ModuleName>
      <Classes />
    </Module>
    <Module skippedDueTo="Filter" hash="DC-9E-FD-06-2F-6D-3A-1A-46-CF-7A-EF-EC-36-61-8E-4D-8A-49-3B">
      <ModulePath>C:\Program Files\dotnet\shared\Microsoft.NETCore.App\2.0.6\System.Reflection.Extensions.dll</ModulePath>
      <ModuleTime>2018-02-12T18:08:16Z</ModuleTime>
      <ModuleName>System.Reflection.Extensions</ModuleName>
      <Classes />
    </Module>
    <Module skippedDueTo="Filter" hash="74-77-FB-84-E3-C2-3C-CD-DE-DE-03-62-6F-FC-4E-9B-2B-38-27-33">
      <ModulePath>C:\Program Files\dotnet\shared\Microsoft.NETCore.App\2.0.6\System.Runtime.InteropServices.dll</ModulePath>
      <ModuleTime>2018-02-12T18:08:16Z</ModuleTime>
      <ModuleName>System.Runtime.InteropServices</ModuleName>
      <Classes />
    </Module>
    <Module skippedDueTo="Filter" hash="2D-D5-79-0F-63-C2-97-8D-11-D4-ED-6E-EF-4A-71-51-35-3B-78-B7">
      <ModulePath>C:\Program Files\dotnet\shared\Microsoft.NETCore.App\2.0.6\System.IO.FileSystem.dll</ModulePath>
      <ModuleTime>2018-02-12T18:08:14Z</ModuleTime>
      <ModuleName>System.IO.FileSystem</ModuleName>
      <Classes />
    </Module>
    <Module skippedDueTo="Filter" hash="7A-55-D0-BE-81-29-A1-73-C0-BC-64-08-30-2D-37-9C-D5-AB-6C-A3">
      <ModulePath>C:\Program Files\dotnet\sdk\2.1.103\runtimes\win\lib\netstandard1.3\System.Text.Encoding.CodePages.dll</ModulePath>
      <ModuleTime>2018-03-21T03:16:38Z</ModuleTime>
      <ModuleName>System.Text.Encoding.CodePages</ModuleName>
      <Classes />
    </Module>
    <Module skippedDueTo="Filter" hash="5B-FA-6D-3A-BF-CD-18-1B-F0-86-66-77-D2-D2-7F-72-AE-2E-2F-A0">
      <ModulePath>C:\Program Files\dotnet\shared\Microsoft.NETCore.App\2.0.6\System.Text.Encoding.dll</ModulePath>
      <ModuleTime>2018-02-12T18:08:18Z</ModuleTime>
      <ModuleName>System.Text.Encoding</ModuleName>
      <Classes />
    </Module>
    <Module skippedDueTo="Filter" hash="92-A0-A8-8E-51-E6-AC-FD-A9-8C-33-D5-9F-34-2A-C5-2D-11-65-A6">
      <ModulePath>C:\Program Files\dotnet\shared\Microsoft.NETCore.App\2.0.6\System.Collections.dll</ModulePath>
      <ModuleTime>2018-02-12T18:08:12Z</ModuleTime>
      <ModuleName>System.Collections</ModuleName>
      <Classes />
    </Module>
    <Module skippedDueTo="Filter" hash="87-6E-97-E2-F1-E2-3A-7C-C4-C2-49-4D-6D-50-8E-B2-E6-F9-9B-42">
      <ModulePath>C:\Program Files\dotnet\shared\Microsoft.NETCore.App\2.0.6\System.Threading.dll</ModulePath>
      <ModuleTime>2018-02-12T18:08:18Z</ModuleTime>
      <ModuleName>System.Threading</ModuleName>
      <Classes />
    </Module>
    <Module skippedDueTo="Filter" hash="94-46-3F-80-95-7F-8A-16-35-39-D5-37-54-AE-3B-0E-95-D2-24-FF">
      <ModulePath>C:\Program Files\dotnet\shared\Microsoft.NETCore.App\2.0.6\System.Collections.Concurrent.dll</ModulePath>
      <ModuleTime>2018-02-12T18:08:12Z</ModuleTime>
      <ModuleName>System.Collections.Concurrent</ModuleName>
      <Classes />
    </Module>
    <Module skippedDueTo="Filter" hash="2A-5E-9E-2C-38-87-BC-0E-56-4F-6E-D1-E2-29-43-D4-A8-9E-43-AA">
      <ModulePath>C:\Program Files\dotnet\shared\Microsoft.NETCore.App\2.0.6\System.Threading.Thread.dll</ModulePath>
      <ModuleTime>2018-02-12T18:08:18Z</ModuleTime>
      <ModuleName>System.Threading.Thread</ModuleName>
      <Classes />
    </Module>
    <Module skippedDueTo="MissingPdb" hash="70-68-9D-DD-A6-E3-AD-75-49-BC-B7-FF-6E-54-27-A8-27-CA-AB-81">
      <ModulePath>C:\Program Files\dotnet\sdk\2.1.103\Microsoft.DotNet.Configurer.dll</ModulePath>
      <ModuleTime>2018-03-21T03:16:48Z</ModuleTime>
      <ModuleName>Microsoft.DotNet.Configurer</ModuleName>
      <Classes />
    </Module>
    <Module skippedDueTo="Filter" hash="9B-B2-26-38-80-06-02-28-A4-DF-F9-92-31-58-77-EB-78-E4-2F-E5">
      <ModulePath>C:\Program Files\dotnet\shared\Microsoft.NETCore.App\2.0.6\System.Diagnostics.Process.dll</ModulePath>
      <ModuleTime>2018-02-12T18:08:14Z</ModuleTime>
      <ModuleName>System.Diagnostics.Process</ModuleName>
      <Classes />
    </Module>
    <Module skippedDueTo="Filter" hash="D5-0A-9E-A5-80-D5-8E-41-A4-1F-1D-14-8D-6C-94-41-07-EC-35-CE">
      <ModulePath>C:\Program Files\dotnet\shared\Microsoft.NETCore.App\2.0.6\System.Linq.dll</ModulePath>
      <ModuleTime>2018-02-12T18:08:14Z</ModuleTime>
      <ModuleName>System.Linq</ModuleName>
      <Classes />
    </Module>
    <Module skippedDueTo="MissingPdb" hash="89-B8-76-5A-2A-F4-F1-D1-32-7B-CE-95-FF-5A-15-B5-ED-DF-A3-1A">
      <ModulePath>C:\Program Files\dotnet\sdk\2.1.103\NuGet.Frameworks.dll</ModulePath>
      <ModuleTime>2018-03-21T03:19:16Z</ModuleTime>
      <ModuleName>NuGet.Frameworks</ModuleName>
      <Classes />
    </Module>
    <Module skippedDueTo="MissingPdb" hash="CB-FB-CD-69-EC-A6-B9-A2-15-B2-EF-EE-F7-E6-79-BC-08-CF-11-96">
      <ModulePath>C:\Program Files\dotnet\sdk\2.1.103\Microsoft.DotNet.Cli.CommandLine.dll</ModulePath>
      <ModuleTime>2018-03-21T03:16:48Z</ModuleTime>
      <ModuleName>Microsoft.DotNet.Cli.CommandLine</ModuleName>
      <Classes />
    </Module>
    <Module skippedDueTo="Filter" hash="39-CE-2D-79-52-EE-1C-FB-A4-40-2A-FC-71-B3-EE-EF-8A-A0-8F-E0">
      <ModulePath>C:\Program Files\dotnet\shared\Microsoft.NETCore.App\2.0.6\System.Console.dll</ModulePath>
      <ModuleTime>2018-02-12T18:08:14Z</ModuleTime>
      <ModuleName>System.Console</ModuleName>
      <Classes />
    </Module>
    <Module skippedDueTo="MissingPdb" hash="89-EE-58-F1-10-7D-5E-5A-A0-F6-E6-87-5C-42-67-B8-AB-68-86-EC">
      <ModulePath>C:\Program Files\dotnet\sdk\2.1.103\Microsoft.DotNet.InternalAbstractions.dll</ModulePath>
      <ModuleTime>2018-03-21T03:16:48Z</ModuleTime>
      <ModuleName>Microsoft.DotNet.InternalAbstractions</ModuleName>
      <Classes />
    </Module>
    <Module skippedDueTo="Filter" hash="71-2F-C5-77-38-5E-60-DE-BD-B8-89-28-83-AA-05-67-87-33-9F-F6">
      <ModulePath>C:\Program Files\dotnet\shared\Microsoft.NETCore.App\2.0.6\System.IO.FileSystem.Primitives.dll</ModulePath>
      <ModuleTime>2018-02-12T18:08:14Z</ModuleTime>
      <ModuleName>System.IO.FileSystem.Primitives</ModuleName>
      <Classes />
    </Module>
    <Module skippedDueTo="Filter" hash="29-A1-FC-7E-FE-A2-CA-DA-D8-48-6D-76-7D-07-99-3E-8F-47-12-E3">
      <ModulePath>C:\Program Files\dotnet\shared\Microsoft.NETCore.App\2.0.6\System.AppContext.dll</ModulePath>
      <ModuleTime>2018-02-12T18:08:12Z</ModuleTime>
      <ModuleName>System.AppContext</ModuleName>
      <Classes />
    </Module>
    <Module skippedDueTo="Filter" hash="92-0F-F6-8D-25-2E-E2-96-B4-90-BB-09-1C-92-83-87-02-67-80-3D">
      <ModulePath>C:\Program Files\dotnet\shared\Microsoft.NETCore.App\2.0.6\System.IO.dll</ModulePath>
      <ModuleTime>2018-02-12T18:08:14Z</ModuleTime>
      <ModuleName>System.IO</ModuleName>
      <Classes />
    </Module>
    <Module skippedDueTo="Filter" hash="4F-4C-40-E4-82-C3-85-1A-AF-56-BD-FA-7E-4F-92-20-D7-D4-29-BE">
      <ModulePath>C:\Program Files\dotnet\shared\Microsoft.NETCore.App\2.0.6\System.Text.Encoding.Extensions.dll</ModulePath>
      <ModuleTime>2018-02-12T18:08:18Z</ModuleTime>
      <ModuleName>System.Text.Encoding.Extensions</ModuleName>
      <Classes />
    </Module>
    <Module skippedDueTo="Filter" hash="0B-56-1C-AE-DD-6F-AC-1D-F3-BD-0F-31-55-94-8D-25-47-88-B0-78">
      <ModulePath>C:\Program Files\dotnet\shared\Microsoft.NETCore.App\2.0.6\System.Runtime.Handles.dll</ModulePath>
      <ModuleTime>2018-02-12T18:08:16Z</ModuleTime>
      <ModuleName>System.Runtime.Handles</ModuleName>
      <Classes />
    </Module>
    <Module skippedDueTo="MissingPdb" hash="DF-F1-44-E8-0C-75-33-31-16-A3-D4-52-19-7C-14-89-0E-F8-4C-CD">
      <ModulePath>C:\Program Files\dotnet\sdk\2.1.103\Microsoft.ApplicationInsights.dll</ModulePath>
      <ModuleTime>2018-03-21T03:16:48Z</ModuleTime>
      <ModuleName>Microsoft.ApplicationInsights</ModuleName>
      <Classes />
    </Module>
    <Module skippedDueTo="Filter" hash="C2-16-61-E5-D0-DF-DB-5A-BC-62-1C-A0-35-05-3C-B3-04-17-42-BE">
      <ModulePath>C:\Program Files\dotnet\shared\Microsoft.NETCore.App\2.0.6\System.Xml.XDocument.dll</ModulePath>
      <ModuleTime>2018-02-12T18:08:18Z</ModuleTime>
      <ModuleName>System.Xml.XDocument</ModuleName>
      <Classes />
    </Module>
    <Module skippedDueTo="Filter" hash="BF-20-DF-C8-19-CF-68-7B-1B-82-1A-CC-0F-8B-9F-C2-4F-B5-D9-26">
      <ModulePath>C:\Program Files\dotnet\shared\Microsoft.NETCore.App\2.0.6\System.Security.Cryptography.Algorithms.dll</ModulePath>
      <ModuleTime>2018-02-12T18:08:16Z</ModuleTime>
      <ModuleName>System.Security.Cryptography.Algorithms</ModuleName>
      <Classes />
    </Module>
    <Module skippedDueTo="Filter" hash="2D-8E-74-28-26-0D-5A-B2-BA-DE-85-28-C3-7D-20-2E-CE-7D-02-D8">
      <ModulePath>C:\Program Files\dotnet\shared\Microsoft.NETCore.App\2.0.6\System.Private.Xml.Linq.dll</ModulePath>
      <ModuleTime>2018-02-12T18:08:16Z</ModuleTime>
      <ModuleName>System.Private.Xml.Linq</ModuleName>
      <Classes />
    </Module>
    <Module skippedDueTo="Filter" hash="67-1E-EB-FF-01-79-16-56-E3-CB-CD-82-09-8F-7F-B9-7C-B0-DC-79">
      <ModulePath>C:\Program Files\dotnet\shared\Microsoft.NETCore.App\2.0.6\System.Security.Cryptography.Primitives.dll</ModulePath>
      <ModuleTime>2018-02-12T18:08:16Z</ModuleTime>
      <ModuleName>System.Security.Cryptography.Primitives</ModuleName>
      <Classes />
    </Module>
    <Module skippedDueTo="Filter" hash="02-EA-D2-09-92-36-74-EF-B9-B6-1F-D1-DE-8B-D0-EA-F4-30-8F-41">
      <ModulePath>C:\Program Files\dotnet\shared\Microsoft.NETCore.App\2.0.6\System.Private.Xml.dll</ModulePath>
      <ModuleTime>2018-02-12T18:08:16Z</ModuleTime>
      <ModuleName>System.Private.Xml</ModuleName>
      <Classes />
    </Module>
    <Module skippedDueTo="Filter" hash="F0-E4-84-A8-79-A1-1B-38-7C-57-A6-1F-CE-65-6F-D3-66-03-E9-8A">
      <ModulePath>C:\Program Files\dotnet\shared\Microsoft.NETCore.App\2.0.6\System.Text.RegularExpressions.dll</ModulePath>
      <ModuleTime>2018-02-12T18:08:18Z</ModuleTime>
      <ModuleName>System.Text.RegularExpressions</ModuleName>
      <Classes />
    </Module>
    <Module skippedDueTo="Filter" hash="EF-1A-73-51-0E-C1-5B-7E-B0-2C-1D-21-EC-1D-4E-7C-07-18-D4-9D">
      <ModulePath>C:\Program Files\dotnet\shared\Microsoft.NETCore.App\2.0.6\System.Xml.ReaderWriter.dll</ModulePath>
      <ModuleTime>2018-02-12T18:08:18Z</ModuleTime>
      <ModuleName>System.Xml.ReaderWriter</ModuleName>
      <Classes />
    </Module>
    <Module skippedDueTo="Filter" hash="FC-7B-CD-1A-6E-67-17-C3-65-5B-B9-2A-DB-4E-67-8F-CE-B4-2B-1B">
      <ModulePath>C:\Program Files\dotnet\shared\Microsoft.NETCore.App\2.0.6\System.Diagnostics.Tracing.dll</ModulePath>
      <ModuleTime>2018-02-12T18:08:14Z</ModuleTime>
      <ModuleName>System.Diagnostics.Tracing</ModuleName>
      <Classes />
    </Module>
    <Module skippedDueTo="Filter" hash="78-95-86-14-8B-F9-4E-44-F1-20-95-26-17-D0-FC-87-4C-7C-75-CD">
      <ModulePath>C:\Program Files\dotnet\shared\Microsoft.NETCore.App\2.0.6\System.Private.Uri.dll</ModulePath>
      <ModuleTime>2018-02-12T18:08:16Z</ModuleTime>
      <ModuleName>System.Private.Uri</ModuleName>
      <Classes />
    </Module>
    <Module skippedDueTo="Filter" hash="DF-5C-FF-96-00-17-A0-6B-D0-3A-36-45-BE-79-3C-DE-BA-AF-CA-19">
      <ModulePath>C:\Program Files\dotnet\shared\Microsoft.NETCore.App\2.0.6\System.Threading.Tasks.dll</ModulePath>
      <ModuleTime>2018-02-12T18:08:18Z</ModuleTime>
      <ModuleName>System.Threading.Tasks</ModuleName>
      <Classes />
    </Module>
    <Module skippedDueTo="Filter" hash="89-75-06-46-0C-9B-CD-2F-AA-E6-06-34-77-24-D5-14-0C-B4-74-2A">
      <ModulePath>C:\Program Files\dotnet\shared\Microsoft.NETCore.App\2.0.6\System.Resources.ResourceManager.dll</ModulePath>
      <ModuleTime>2018-02-12T18:08:16Z</ModuleTime>
      <ModuleName>System.Resources.ResourceManager</ModuleName>
      <Classes />
    </Module>
    <Module skippedDueTo="Filter" hash="5C-5F-72-69-DB-A5-64-39-1F-D2-D4-E2-8C-C1-E8-68-5B-3A-7E-D1">
      <ModulePath>C:\Program Files\dotnet\shared\Microsoft.NETCore.App\2.0.6\System.Globalization.dll</ModulePath>
      <ModuleTime>2018-02-12T18:08:14Z</ModuleTime>
      <ModuleName>System.Globalization</ModuleName>
      <Classes />
    </Module>
    <Module skippedDueTo="MissingPdb" hash="7D-AB-67-43-09-AE-1F-81-CF-D9-69-BE-AA-BA-E0-8F-97-7B-70-B2">
      <ModulePath>C:\Program Files\dotnet\sdk\2.1.103\pt-BR\dotnet.resources.dll</ModulePath>
      <ModuleTime>2018-03-21T03:22:08Z</ModuleTime>
      <ModuleName>dotnet.resources</ModuleName>
      <Classes />
    </Module>
    <Module skippedDueTo="Filter" hash="FC-DC-FD-78-0A-23-4B-CB-39-83-8A-DB-9D-82-B7-98-DB-80-3D-90">
      <ModulePath>C:\Program Files\dotnet\shared\Microsoft.NETCore.App\2.0.6\System.Diagnostics.Tools.dll</ModulePath>
      <ModuleTime>2018-02-12T18:08:14Z</ModuleTime>
      <ModuleName>System.Diagnostics.Tools</ModuleName>
      <Classes />
    </Module>
    <Module skippedDueTo="Filter" hash="81-34-59-BB-A4-35-D3-C2-91-73-A0-81-93-7A-04-92-17-51-BF-34">
      <ModulePath>C:\Program Files\dotnet\shared\Microsoft.NETCore.App\2.0.6\System.Diagnostics.Debug.dll</ModulePath>
      <ModuleTime>2018-02-12T18:08:14Z</ModuleTime>
      <ModuleName>System.Diagnostics.Debug</ModuleName>
      <Classes />
    </Module>
    <Module skippedDueTo="MissingPdb" hash="1B-41-45-9E-F5-6C-96-C5-EA-15-86-B2-52-2D-51-F2-9F-3B-9B-32">
      <ModulePath>C:\Program Files\dotnet\sdk\2.1.103\Microsoft.Build.Utilities.Core.dll</ModulePath>
      <ModuleTime>2018-03-21T03:16:48Z</ModuleTime>
      <ModuleName>Microsoft.Build.Utilities.Core</ModuleName>
      <Classes />
    </Module>
    <Module skippedDueTo="Filter" hash="B5-03-F5-58-64-0F-70-F2-A9-B8-B7-C6-3D-2D-8F-1F-9B-2B-AB-EC">
      <ModulePath>C:\Program Files\dotnet\shared\Microsoft.NETCore.App\2.0.6\System.IO.Compression.dll</ModulePath>
      <ModuleTime>2018-02-12T18:08:14Z</ModuleTime>
      <ModuleName>System.IO.Compression</ModuleName>
      <Classes />
    </Module>
    <Module skippedDueTo="MissingPdb" hash="DC-FE-09-A9-41-62-B7-B2-38-0A-1A-6C-E2-E5-1F-9B-BA-F9-BD-70">
      <ModulePath>C:\Program Files\dotnet\sdk\2.1.103\Microsoft.Build.Framework.dll</ModulePath>
      <ModuleTime>2018-03-21T03:16:48Z</ModuleTime>
      <ModuleName>Microsoft.Build.Framework</ModuleName>
      <Classes />
    </Module>
    <Module skippedDueTo="Filter" hash="4D-FE-85-E6-50-1D-C2-A7-61-3B-05-B0-9C-3C-2F-6F-B7-CF-BB-3B">
      <ModulePath>C:\Program Files\dotnet\shared\Microsoft.NETCore.App\2.0.6\System.Buffers.dll</ModulePath>
      <ModuleTime>2018-02-12T18:08:12Z</ModuleTime>
      <ModuleName>System.Buffers</ModuleName>
      <Classes />
    </Module>
    <Module skippedDueTo="Filter" hash="D0-00-94-2E-72-F5-B6-88-1C-D5-04-D9-6E-71-60-53-0A-AA-03-0F">
      <ModulePath>C:\Program Files\dotnet\shared\Microsoft.NETCore.App\2.0.6\System.Reflection.TypeExtensions.dll</ModulePath>
      <ModuleTime>2018-02-12T18:08:16Z</ModuleTime>
      <ModuleName>System.Reflection.TypeExtensions</ModuleName>
      <Classes />
    </Module>
    <Module skippedDueTo="Filter" hash="19-EA-D5-8B-E7-5B-F7-A7-5D-34-D7-0B-4C-9E-95-3E-45-F3-88-6A">
      <ModulePath>C:\Program Files\dotnet\shared\Microsoft.NETCore.App\2.0.6\System.ComponentModel.Primitives.dll</ModulePath>
      <ModuleTime>2018-02-12T18:08:12Z</ModuleTime>
      <ModuleName>System.ComponentModel.Primitives</ModuleName>
      <Classes />
    </Module>
    <Module skippedDueTo="MissingPdb" hash="B9-50-FE-1F-04-F7-7D-1F-43-BB-93-5D-31-E8-03-61-3C-2D-2E-62">
      <ModulePath>C:\Program Files\dotnet\shared\Microsoft.NETCore.App\2.0.6\Microsoft.Win32.Primitives.dll</ModulePath>
      <ModuleTime>2018-02-12T18:08:12Z</ModuleTime>
      <ModuleName>Microsoft.Win32.Primitives</ModuleName>
      <Classes />
    </Module>
    <Module skippedDueTo="Filter" hash="52-E5-54-D5-A8-A0-50-CB-D4-0D-B6-D8-5D-CD-7B-2B-06-95-BC-5A">
      <ModulePath>C:\Program Files\dotnet\shared\Microsoft.NETCore.App\2.0.6\System.Net.Http.dll</ModulePath>
      <ModuleTime>2018-02-12T18:08:14Z</ModuleTime>
      <ModuleName>System.Net.Http</ModuleName>
      <Classes />
    </Module>
    <Module skippedDueTo="Filter" hash="93-49-30-3B-88-81-25-95-00-BB-F5-C4-7F-19-08-BA-58-9F-F9-38">
      <ModulePath>C:\Program Files\dotnet\shared\Microsoft.NETCore.App\2.0.6\System.Net.Primitives.dll</ModulePath>
      <ModuleTime>2018-02-12T18:08:14Z</ModuleTime>
      <ModuleName>System.Net.Primitives</ModuleName>
      <Classes />
    </Module>
    <Module skippedDueTo="Filter" hash="48-7B-E9-E3-F3-5C-80-9F-E9-72-07-C8-5E-F7-A6-C8-48-67-6E-16">
      <ModulePath>C:\Program Files\dotnet\shared\Microsoft.NETCore.App\2.0.6\System.Diagnostics.DiagnosticSource.dll</ModulePath>
      <ModuleTime>2018-02-12T18:08:14Z</ModuleTime>
      <ModuleName>System.Diagnostics.DiagnosticSource</ModuleName>
      <Classes />
    </Module>
    <Module skippedDueTo="Filter" hash="3C-99-60-29-E6-99-15-0E-BB-6E-72-13-BA-CF-02-D7-90-4A-69-1E">
      <ModulePath>C:\Program Files\dotnet\shared\Microsoft.NETCore.App\2.0.6\System.Security.Cryptography.X509Certificates.dll</ModulePath>
      <ModuleTime>2018-02-12T18:08:16Z</ModuleTime>
      <ModuleName>System.Security.Cryptography.X509Certificates</ModuleName>
      <Classes />
    </Module>
    <Module skippedDueTo="Filter" hash="4E-25-12-36-8F-32-6E-98-57-06-C9-65-B7-76-85-61-93-FA-55-AE">
      <ModulePath>C:\Program Files\dotnet\shared\Microsoft.NETCore.App\2.0.6\System.Collections.NonGeneric.dll</ModulePath>
      <ModuleTime>2018-02-12T18:08:12Z</ModuleTime>
      <ModuleName>System.Collections.NonGeneric</ModuleName>
      <Classes />
    </Module>
    <Module skippedDueTo="Filter" hash="58-56-34-A9-6C-4F-CF-85-82-82-86-1A-D3-4E-31-E8-66-61-26-EF">
      <ModulePath>C:\Program Files\dotnet\shared\Microsoft.NETCore.App\2.0.6\System.Private.CoreLib.dll</ModulePath>
      <ModuleTime>2018-02-12T18:08:18Z</ModuleTime>
      <ModuleName>System.Private.CoreLib</ModuleName>
      <Classes />
    </Module>
    <Module skippedDueTo="MissingPdb" hash="6E-46-21-94-64-A2-62-29-12-C9-3C-3C-96-CB-00-93-ED-B9-96-6B">
      <ModulePath>C:\Program Files\dotnet\sdk\2.1.103\MSBuild.dll</ModulePath>
      <ModuleTime>2018-03-21T03:17:00Z</ModuleTime>
      <ModuleName>MSBuild</ModuleName>
      <Classes />
    </Module>
    <Module skippedDueTo="Filter" hash="51-28-11-6C-8A-A5-B7-C1-5A-08-A7-9B-A1-70-42-E5-81-92-6A-CC">
      <ModulePath>C:\Program Files\dotnet\shared\Microsoft.NETCore.App\2.0.6\System.Runtime.dll</ModulePath>
      <ModuleTime>2018-02-12T18:08:16Z</ModuleTime>
      <ModuleName>System.Runtime</ModuleName>
      <Classes />
    </Module>
    <Module skippedDueTo="Filter" hash="36-CF-3D-8F-33-3D-0E-88-AE-58-32-68-A9-59-3F-F9-10-44-D8-4E">
      <ModulePath>C:\Program Files\dotnet\shared\Microsoft.NETCore.App\2.0.6\System.Runtime.Extensions.dll</ModulePath>
      <ModuleTime>2018-02-12T18:08:16Z</ModuleTime>
      <ModuleName>System.Runtime.Extensions</ModuleName>
      <Classes />
    </Module>
    <Module skippedDueTo="Filter" hash="87-6E-97-E2-F1-E2-3A-7C-C4-C2-49-4D-6D-50-8E-B2-E6-F9-9B-42">
      <ModulePath>C:\Program Files\dotnet\shared\Microsoft.NETCore.App\2.0.6\System.Threading.dll</ModulePath>
      <ModuleTime>2018-02-12T18:08:18Z</ModuleTime>
      <ModuleName>System.Threading</ModuleName>
      <Classes />
    </Module>
    <Module skippedDueTo="Filter" hash="84-A5-B8-46-CD-04-96-4C-32-C3-DE-96-00-01-58-8F-15-55-48-8C">
      <ModulePath>C:\Program Files\dotnet\shared\Microsoft.NETCore.App\2.0.6\System.Reflection.dll</ModulePath>
      <ModuleTime>2018-02-12T18:08:16Z</ModuleTime>
      <ModuleName>System.Reflection</ModuleName>
      <Classes />
    </Module>
    <Module skippedDueTo="Filter" hash="D0-00-94-2E-72-F5-B6-88-1C-D5-04-D9-6E-71-60-53-0A-AA-03-0F">
      <ModulePath>C:\Program Files\dotnet\shared\Microsoft.NETCore.App\2.0.6\System.Reflection.TypeExtensions.dll</ModulePath>
      <ModuleTime>2018-02-12T18:08:16Z</ModuleTime>
      <ModuleName>System.Reflection.TypeExtensions</ModuleName>
      <Classes />
    </Module>
    <Module skippedDueTo="Filter" hash="5C-5F-72-69-DB-A5-64-39-1F-D2-D4-E2-8C-C1-E8-68-5B-3A-7E-D1">
      <ModulePath>C:\Program Files\dotnet\shared\Microsoft.NETCore.App\2.0.6\System.Globalization.dll</ModulePath>
      <ModuleTime>2018-02-12T18:08:14Z</ModuleTime>
      <ModuleName>System.Globalization</ModuleName>
      <Classes />
    </Module>
    <Module skippedDueTo="Filter" hash="2D-D5-79-0F-63-C2-97-8D-11-D4-ED-6E-EF-4A-71-51-35-3B-78-B7">
      <ModulePath>C:\Program Files\dotnet\shared\Microsoft.NETCore.App\2.0.6\System.IO.FileSystem.dll</ModulePath>
      <ModuleTime>2018-02-12T18:08:14Z</ModuleTime>
      <ModuleName>System.IO.FileSystem</ModuleName>
      <Classes />
    </Module>
    <Module skippedDueTo="Filter" hash="D5-0A-9E-A5-80-D5-8E-41-A4-1F-1D-14-8D-6C-94-41-07-EC-35-CE">
      <ModulePath>C:\Program Files\dotnet\shared\Microsoft.NETCore.App\2.0.6\System.Linq.dll</ModulePath>
      <ModuleTime>2018-02-12T18:08:14Z</ModuleTime>
      <ModuleName>System.Linq</ModuleName>
      <Classes />
    </Module>
    <Module skippedDueTo="Filter" hash="F0-E4-84-A8-79-A1-1B-38-7C-57-A6-1F-CE-65-6F-D3-66-03-E9-8A">
      <ModulePath>C:\Program Files\dotnet\shared\Microsoft.NETCore.App\2.0.6\System.Text.RegularExpressions.dll</ModulePath>
      <ModuleTime>2018-02-12T18:08:18Z</ModuleTime>
      <ModuleName>System.Text.RegularExpressions</ModuleName>
      <Classes />
    </Module>
    <Module skippedDueTo="Filter" hash="C5-2B-DD-C6-5B-96-07-F3-04-F0-EA-41-A0-C5-1D-30-9E-F1-A1-DA">
      <ModulePath>C:\Program Files\dotnet\shared\Microsoft.NETCore.App\2.0.6\System.Runtime.InteropServices.RuntimeInformation.dll</ModulePath>
      <ModuleTime>2018-02-12T18:08:16Z</ModuleTime>
      <ModuleName>System.Runtime.InteropServices.RuntimeInformation</ModuleName>
      <Classes />
    </Module>
    <Module skippedDueTo="Filter" hash="92-A0-A8-8E-51-E6-AC-FD-A9-8C-33-D5-9F-34-2A-C5-2D-11-65-A6">
      <ModulePath>C:\Program Files\dotnet\shared\Microsoft.NETCore.App\2.0.6\System.Collections.dll</ModulePath>
      <ModuleTime>2018-02-12T18:08:12Z</ModuleTime>
      <ModuleName>System.Collections</ModuleName>
      <Classes />
    </Module>
    <Module skippedDueTo="Filter" hash="74-77-FB-84-E3-C2-3C-CD-DE-DE-03-62-6F-FC-4E-9B-2B-38-27-33">
      <ModulePath>C:\Program Files\dotnet\shared\Microsoft.NETCore.App\2.0.6\System.Runtime.InteropServices.dll</ModulePath>
      <ModuleTime>2018-02-12T18:08:16Z</ModuleTime>
      <ModuleName>System.Runtime.InteropServices</ModuleName>
      <Classes />
    </Module>
    <Module skippedDueTo="Filter" hash="39-CE-2D-79-52-EE-1C-FB-A4-40-2A-FC-71-B3-EE-EF-8A-A0-8F-E0">
      <ModulePath>C:\Program Files\dotnet\shared\Microsoft.NETCore.App\2.0.6\System.Console.dll</ModulePath>
      <ModuleTime>2018-02-12T18:08:14Z</ModuleTime>
      <ModuleName>System.Console</ModuleName>
      <Classes />
    </Module>
    <Module skippedDueTo="Filter" hash="9B-B2-26-38-80-06-02-28-A4-DF-F9-92-31-58-77-EB-78-E4-2F-E5">
      <ModulePath>C:\Program Files\dotnet\shared\Microsoft.NETCore.App\2.0.6\System.Diagnostics.Process.dll</ModulePath>
      <ModuleTime>2018-02-12T18:08:14Z</ModuleTime>
      <ModuleName>System.Diagnostics.Process</ModuleName>
      <Classes />
    </Module>
    <Module skippedDueTo="Filter" hash="19-EA-D5-8B-E7-5B-F7-A7-5D-34-D7-0B-4C-9E-95-3E-45-F3-88-6A">
      <ModulePath>C:\Program Files\dotnet\shared\Microsoft.NETCore.App\2.0.6\System.ComponentModel.Primitives.dll</ModulePath>
      <ModuleTime>2018-02-12T18:08:12Z</ModuleTime>
      <ModuleName>System.ComponentModel.Primitives</ModuleName>
      <Classes />
    </Module>
    <Module skippedDueTo="MissingPdb" hash="DC-FE-09-A9-41-62-B7-B2-38-0A-1A-6C-E2-E5-1F-9B-BA-F9-BD-70">
      <ModulePath>C:\Program Files\dotnet\sdk\2.1.103\Microsoft.Build.Framework.dll</ModulePath>
      <ModuleTime>2018-03-21T03:16:48Z</ModuleTime>
      <ModuleName>Microsoft.Build.Framework</ModuleName>
      <Classes />
    </Module>
    <Module skippedDueTo="Filter" hash="92-0F-F6-8D-25-2E-E2-96-B4-90-BB-09-1C-92-83-87-02-67-80-3D">
      <ModulePath>C:\Program Files\dotnet\shared\Microsoft.NETCore.App\2.0.6\System.IO.dll</ModulePath>
      <ModuleTime>2018-02-12T18:08:14Z</ModuleTime>
      <ModuleName>System.IO</ModuleName>
      <Classes />
    </Module>
    <Module skippedDueTo="MissingPdb" hash="CB-86-F2-07-7A-93-EF-C0-CB-73-EE-36-4E-54-8D-50-AC-FD-20-64">
      <ModulePath>C:\Program Files\dotnet\sdk\2.1.103\Microsoft.Build.dll</ModulePath>
      <ModuleTime>2018-03-21T03:16:48Z</ModuleTime>
      <ModuleName>Microsoft.Build</ModuleName>
      <Classes />
    </Module>
    <Module skippedDueTo="Filter" hash="7A-55-D0-BE-81-29-A1-73-C0-BC-64-08-30-2D-37-9C-D5-AB-6C-A3">
      <ModulePath>C:\Program Files\dotnet\sdk\2.1.103\runtimes\win\lib\netstandard1.3\System.Text.Encoding.CodePages.dll</ModulePath>
      <ModuleTime>2018-03-21T03:16:38Z</ModuleTime>
      <ModuleName>System.Text.Encoding.CodePages</ModuleName>
      <Classes />
    </Module>
    <Module skippedDueTo="Filter" hash="5B-FA-6D-3A-BF-CD-18-1B-F0-86-66-77-D2-D2-7F-72-AE-2E-2F-A0">
      <ModulePath>C:\Program Files\dotnet\shared\Microsoft.NETCore.App\2.0.6\System.Text.Encoding.dll</ModulePath>
      <ModuleTime>2018-02-12T18:08:18Z</ModuleTime>
      <ModuleName>System.Text.Encoding</ModuleName>
      <Classes />
    </Module>
    <Module skippedDueTo="Filter" hash="4E-25-12-36-8F-32-6E-98-57-06-C9-65-B7-76-85-61-93-FA-55-AE">
      <ModulePath>C:\Program Files\dotnet\shared\Microsoft.NETCore.App\2.0.6\System.Collections.NonGeneric.dll</ModulePath>
      <ModuleTime>2018-02-12T18:08:12Z</ModuleTime>
      <ModuleName>System.Collections.NonGeneric</ModuleName>
      <Classes />
    </Module>
    <Module skippedDueTo="Filter" hash="94-46-3F-80-95-7F-8A-16-35-39-D5-37-54-AE-3B-0E-95-D2-24-FF">
      <ModulePath>C:\Program Files\dotnet\shared\Microsoft.NETCore.App\2.0.6\System.Collections.Concurrent.dll</ModulePath>
      <ModuleTime>2018-02-12T18:08:12Z</ModuleTime>
      <ModuleName>System.Collections.Concurrent</ModuleName>
      <Classes />
    </Module>
    <Module skippedDueTo="MissingPdb" hash="FC-E4-49-8C-F5-22-EF-9F-DB-BB-DB-06-AD-33-23-01-CE-D3-14-D7">
      <ModulePath>C:\Program Files\dotnet\sdk\2.1.103\dotnet.dll</ModulePath>
      <ModuleTime>2018-03-21T03:22:08Z</ModuleTime>
      <ModuleName>dotnet</ModuleName>
      <Classes />
    </Module>
    <Module skippedDueTo="MissingPdb" hash="1B-41-45-9E-F5-6C-96-C5-EA-15-86-B2-52-2D-51-F2-9F-3B-9B-32">
      <ModulePath>C:\Program Files\dotnet\sdk\2.1.103\Microsoft.Build.Utilities.Core.dll</ModulePath>
      <ModuleTime>2018-03-21T03:16:48Z</ModuleTime>
      <ModuleName>Microsoft.Build.Utilities.Core</ModuleName>
      <Classes />
    </Module>
    <Module skippedDueTo="MissingPdb" hash="ED-AE-BC-49-72-EF-CE-EF-A1-66-CA-1D-43-8A-DE-82-40-A1-F8-80">
      <ModulePath>C:\Program Files\dotnet\sdk\2.1.103\Microsoft.DotNet.Tools.MigrateCommand.dll</ModulePath>
      <ModuleTime>2018-03-21T03:16:48Z</ModuleTime>
      <ModuleName>Microsoft.DotNet.Tools.MigrateCommand</ModuleName>
      <Classes />
    </Module>
    <Module skippedDueTo="MissingPdb" hash="01-E9-BC-E1-1E-6C-6F-F8-8D-94-8C-F9-53-C4-5D-FC-D0-C6-02-CE">
      <ModulePath>C:\Program Files\dotnet\sdk\2.1.103\Microsoft.DotNet.Cli.Utils.dll</ModulePath>
      <ModuleTime>2018-03-21T03:16:48Z</ModuleTime>
      <ModuleName>Microsoft.DotNet.Cli.Utils</ModuleName>
      <Classes />
    </Module>
    <Module skippedDueTo="MissingPdb" hash="89-B8-76-5A-2A-F4-F1-D1-32-7B-CE-95-FF-5A-15-B5-ED-DF-A3-1A">
      <ModulePath>C:\Program Files\dotnet\sdk\2.1.103\NuGet.Frameworks.dll</ModulePath>
      <ModuleTime>2018-03-21T03:19:16Z</ModuleTime>
      <ModuleName>NuGet.Frameworks</ModuleName>
      <Classes />
    </Module>
    <Module skippedDueTo="Filter" hash="DC-9E-FD-06-2F-6D-3A-1A-46-CF-7A-EF-EC-36-61-8E-4D-8A-49-3B">
      <ModulePath>C:\Program Files\dotnet\shared\Microsoft.NETCore.App\2.0.6\System.Reflection.Extensions.dll</ModulePath>
      <ModuleTime>2018-02-12T18:08:16Z</ModuleTime>
      <ModuleName>System.Reflection.Extensions</ModuleName>
      <Classes />
    </Module>
    <Module skippedDueTo="MissingPdb" hash="70-68-9D-DD-A6-E3-AD-75-49-BC-B7-FF-6E-54-27-A8-27-CA-AB-81">
      <ModulePath>C:\Program Files\dotnet\sdk\2.1.103\Microsoft.DotNet.Configurer.dll</ModulePath>
      <ModuleTime>2018-03-21T03:16:48Z</ModuleTime>
      <ModuleName>Microsoft.DotNet.Configurer</ModuleName>
      <Classes />
    </Module>
    <Module skippedDueTo="MissingPdb" hash="89-EE-58-F1-10-7D-5E-5A-A0-F6-E6-87-5C-42-67-B8-AB-68-86-EC">
      <ModulePath>C:\Program Files\dotnet\sdk\2.1.103\Microsoft.DotNet.InternalAbstractions.dll</ModulePath>
      <ModuleTime>2018-03-21T03:16:48Z</ModuleTime>
      <ModuleName>Microsoft.DotNet.InternalAbstractions</ModuleName>
      <Classes />
    </Module>
    <Module skippedDueTo="Filter" hash="71-2F-C5-77-38-5E-60-DE-BD-B8-89-28-83-AA-05-67-87-33-9F-F6">
      <ModulePath>C:\Program Files\dotnet\shared\Microsoft.NETCore.App\2.0.6\System.IO.FileSystem.Primitives.dll</ModulePath>
      <ModuleTime>2018-02-12T18:08:14Z</ModuleTime>
      <ModuleName>System.IO.FileSystem.Primitives</ModuleName>
      <Classes />
    </Module>
    <Module skippedDueTo="MissingPdb" hash="DF-F1-44-E8-0C-75-33-31-16-A3-D4-52-19-7C-14-89-0E-F8-4C-CD">
      <ModulePath>C:\Program Files\dotnet\sdk\2.1.103\Microsoft.ApplicationInsights.dll</ModulePath>
      <ModuleTime>2018-03-21T03:16:48Z</ModuleTime>
      <ModuleName>Microsoft.ApplicationInsights</ModuleName>
      <Classes />
    </Module>
    <Module skippedDueTo="Filter" hash="4F-4C-40-E4-82-C3-85-1A-AF-56-BD-FA-7E-4F-92-20-D7-D4-29-BE">
      <ModulePath>C:\Program Files\dotnet\shared\Microsoft.NETCore.App\2.0.6\System.Text.Encoding.Extensions.dll</ModulePath>
      <ModuleTime>2018-02-12T18:08:18Z</ModuleTime>
      <ModuleName>System.Text.Encoding.Extensions</ModuleName>
      <Classes />
    </Module>
    <Module skippedDueTo="MissingPdb" hash="C5-8C-5E-E1-FD-9C-63-F7-15-7E-EF-EA-15-1E-0E-06-6B-01-47-57">
      <ModulePath>C:\Program Files\dotnet\sdk\2.1.103\Microsoft.DotNet.PlatformAbstractions.dll</ModulePath>
      <ModuleTime>2018-03-21T03:16:48Z</ModuleTime>
      <ModuleName>Microsoft.DotNet.PlatformAbstractions</ModuleName>
      <Classes />
    </Module>
    <Module skippedDueTo="Filter" hash="C2-16-61-E5-D0-DF-DB-5A-BC-62-1C-A0-35-05-3C-B3-04-17-42-BE">
      <ModulePath>C:\Program Files\dotnet\shared\Microsoft.NETCore.App\2.0.6\System.Xml.XDocument.dll</ModulePath>
      <ModuleTime>2018-02-12T18:08:18Z</ModuleTime>
      <ModuleName>System.Xml.XDocument</ModuleName>
      <Classes />
    </Module>
    <Module skippedDueTo="Filter" hash="2D-8E-74-28-26-0D-5A-B2-BA-DE-85-28-C3-7D-20-2E-CE-7D-02-D8">
      <ModulePath>C:\Program Files\dotnet\shared\Microsoft.NETCore.App\2.0.6\System.Private.Xml.Linq.dll</ModulePath>
      <ModuleTime>2018-02-12T18:08:16Z</ModuleTime>
      <ModuleName>System.Private.Xml.Linq</ModuleName>
      <Classes />
    </Module>
    <Module skippedDueTo="Filter" hash="0B-56-1C-AE-DD-6F-AC-1D-F3-BD-0F-31-55-94-8D-25-47-88-B0-78">
      <ModulePath>C:\Program Files\dotnet\shared\Microsoft.NETCore.App\2.0.6\System.Runtime.Handles.dll</ModulePath>
      <ModuleTime>2018-02-12T18:08:16Z</ModuleTime>
      <ModuleName>System.Runtime.Handles</ModuleName>
      <Classes />
    </Module>
    <Module skippedDueTo="Filter" hash="02-EA-D2-09-92-36-74-EF-B9-B6-1F-D1-DE-8B-D0-EA-F4-30-8F-41">
      <ModulePath>C:\Program Files\dotnet\shared\Microsoft.NETCore.App\2.0.6\System.Private.Xml.dll</ModulePath>
      <ModuleTime>2018-02-12T18:08:16Z</ModuleTime>
      <ModuleName>System.Private.Xml</ModuleName>
      <Classes />
    </Module>
    <Module skippedDueTo="Filter" hash="EF-1A-73-51-0E-C1-5B-7E-B0-2C-1D-21-EC-1D-4E-7C-07-18-D4-9D">
      <ModulePath>C:\Program Files\dotnet\shared\Microsoft.NETCore.App\2.0.6\System.Xml.ReaderWriter.dll</ModulePath>
      <ModuleTime>2018-02-12T18:08:18Z</ModuleTime>
      <ModuleName>System.Xml.ReaderWriter</ModuleName>
      <Classes />
    </Module>
    <Module skippedDueTo="Filter" hash="FC-7B-CD-1A-6E-67-17-C3-65-5B-B9-2A-DB-4E-67-8F-CE-B4-2B-1B">
      <ModulePath>C:\Program Files\dotnet\shared\Microsoft.NETCore.App\2.0.6\System.Diagnostics.Tracing.dll</ModulePath>
      <ModuleTime>2018-02-12T18:08:14Z</ModuleTime>
      <ModuleName>System.Diagnostics.Tracing</ModuleName>
      <Classes />
    </Module>
    <Module skippedDueTo="Filter" hash="78-95-86-14-8B-F9-4E-44-F1-20-95-26-17-D0-FC-87-4C-7C-75-CD">
      <ModulePath>C:\Program Files\dotnet\shared\Microsoft.NETCore.App\2.0.6\System.Private.Uri.dll</ModulePath>
      <ModuleTime>2018-02-12T18:08:16Z</ModuleTime>
      <ModuleName>System.Private.Uri</ModuleName>
      <Classes />
    </Module>
    <Module skippedDueTo="Filter" hash="DF-5C-FF-96-00-17-A0-6B-D0-3A-36-45-BE-79-3C-DE-BA-AF-CA-19">
      <ModulePath>C:\Program Files\dotnet\shared\Microsoft.NETCore.App\2.0.6\System.Threading.Tasks.dll</ModulePath>
      <ModuleTime>2018-02-12T18:08:18Z</ModuleTime>
      <ModuleName>System.Threading.Tasks</ModuleName>
      <Classes />
    </Module>
    <Module skippedDueTo="Filter" hash="3D-B3-66-6F-CB-BC-50-AB-35-7C-8D-7C-AF-45-05-0B-44-09-69-13">
      <ModulePath>C:\Program Files\dotnet\shared\Microsoft.NETCore.App\2.0.6\System.Threading.Tasks.Dataflow.dll</ModulePath>
      <ModuleTime>2018-02-12T18:08:18Z</ModuleTime>
      <ModuleName>System.Threading.Tasks.Dataflow</ModuleName>
      <Classes />
    </Module>
    <Module skippedDueTo="Filter" hash="BF-20-DF-C8-19-CF-68-7B-1B-82-1A-CC-0F-8B-9F-C2-4F-B5-D9-26">
      <ModulePath>C:\Program Files\dotnet\shared\Microsoft.NETCore.App\2.0.6\System.Security.Cryptography.Algorithms.dll</ModulePath>
      <ModuleTime>2018-02-12T18:08:16Z</ModuleTime>
      <ModuleName>System.Security.Cryptography.Algorithms</ModuleName>
      <Classes />
    </Module>
    <Module skippedDueTo="Filter" hash="67-1E-EB-FF-01-79-16-56-E3-CB-CD-82-09-8F-7F-B9-7C-B0-DC-79">
      <ModulePath>C:\Program Files\dotnet\shared\Microsoft.NETCore.App\2.0.6\System.Security.Cryptography.Primitives.dll</ModulePath>
      <ModuleTime>2018-02-12T18:08:16Z</ModuleTime>
      <ModuleName>System.Security.Cryptography.Primitives</ModuleName>
      <Classes />
    </Module>
    <Module skippedDueTo="MissingPdb" hash="D7-4C-25-9E-F6-F3-AC-52-49-87-FB-5B-B5-45-ED-AA-3C-DC-3A-CD">
      <ModulePath>C:\Program Files\dotnet\shared\Microsoft.NETCore.App\2.0.6\netstandard.dll</ModulePath>
      <ModuleTime>2018-02-12T18:08:18Z</ModuleTime>
      <ModuleName>netstandard</ModuleName>
      <Classes />
    </Module>
    <Module skippedDueTo="Filter" hash="89-75-06-46-0C-9B-CD-2F-AA-E6-06-34-77-24-D5-14-0C-B4-74-2A">
      <ModulePath>C:\Program Files\dotnet\shared\Microsoft.NETCore.App\2.0.6\System.Resources.ResourceManager.dll</ModulePath>
      <ModuleTime>2018-02-12T18:08:16Z</ModuleTime>
      <ModuleName>System.Resources.ResourceManager</ModuleName>
      <Classes />
    </Module>
    <Module skippedDueTo="MissingPdb" hash="BE-6E-44-65-E9-4B-2B-3D-5D-31-C5-21-BA-AE-AD-DB-C8-FC-E1-BC">
      <ModulePath>C:\Program Files\dotnet\sdk\2.1.103\pt-BR\Microsoft.Build.resources.dll</ModulePath>
      <ModuleTime>2018-03-21T03:17:30Z</ModuleTime>
      <ModuleName>Microsoft.Build.resources</ModuleName>
      <Classes />
    </Module>
    <Module skippedDueTo="Filter" hash="50-77-9F-CB-12-69-CF-BF-B6-B0-1F-55-50-63-BB-61-08-2A-9E-55">
      <ModulePath>C:\Program Files\dotnet\shared\Microsoft.NETCore.App\2.0.6\System.ObjectModel.dll</ModulePath>
      <ModuleTime>2018-02-12T18:08:14Z</ModuleTime>
      <ModuleName>System.ObjectModel</ModuleName>
      <Classes />
    </Module>
    <Module skippedDueTo="Filter" hash="2A-5E-9E-2C-38-87-BC-0E-56-4F-6E-D1-E2-29-43-D4-A8-9E-43-AA">
      <ModulePath>C:\Program Files\dotnet\shared\Microsoft.NETCore.App\2.0.6\System.Threading.Thread.dll</ModulePath>
      <ModuleTime>2018-02-12T18:08:18Z</ModuleTime>
      <ModuleName>System.Threading.Thread</ModuleName>
      <Classes />
    </Module>
    <Module skippedDueTo="Filter" hash="4F-A9-C3-9D-F2-0D-D8-A9-A4-CF-EC-22-E4-BE-95-E7-B7-9A-BA-7A">
      <ModulePath>C:\Program Files\dotnet\shared\Microsoft.NETCore.App\2.0.6\System.Xml.XmlDocument.dll</ModulePath>
      <ModuleTime>2018-02-12T18:08:18Z</ModuleTime>
      <ModuleName>System.Xml.XmlDocument</ModuleName>
      <Classes />
    </Module>
    <Module skippedDueTo="Filter" hash="86-34-D0-E2-08-E2-77-A3-C0-2F-5A-75-78-26-12-C4-D5-CB-FA-AF">
      <ModulePath>C:\Program Files\dotnet\shared\Microsoft.NETCore.App\2.0.6\System.Diagnostics.TraceSource.dll</ModulePath>
      <ModuleTime>2018-02-12T18:08:14Z</ModuleTime>
      <ModuleName>System.Diagnostics.TraceSource</ModuleName>
      <Classes />
    </Module>
    <Module skippedDueTo="Filter" hash="83-1F-2B-55-93-E3-AF-2A-CA-E7-4A-06-94-92-8D-3F-24-22-32-9C">
      <ModulePath>C:\Program Files\dotnet\shared\Microsoft.NETCore.App\2.0.6\System.Runtime.Loader.dll</ModulePath>
      <ModuleTime>2018-02-12T18:08:16Z</ModuleTime>
      <ModuleName>System.Runtime.Loader</ModuleName>
      <Classes />
    </Module>
    <Module skippedDueTo="MissingPdb" hash="48-4E-64-61-E2-C0-9C-F2-34-7D-EC-E6-C7-F6-C0-25-E4-B4-CA-88">
      <ModulePath>C:\Program Files\dotnet\sdk\2.1.103\SdkResolvers\NuGet.MSBuildSdkResolver\NuGet.MSBuildSdkResolver.dll</ModulePath>
      <ModuleTime>2018-03-21T03:17:02Z</ModuleTime>
      <ModuleName>NuGet.MSBuildSdkResolver</ModuleName>
      <Classes />
    </Module>
    <Module skippedDueTo="Filter" hash="C7-BD-6B-0C-3D-32-30-F4-F7-85-4A-8C-82-03-BC-B8-83-F0-F0-A7">
      <ModulePath>C:\Program Files\dotnet\shared\Microsoft.NETCore.App\2.0.6\System.Diagnostics.FileVersionInfo.dll</ModulePath>
      <ModuleTime>2018-02-12T18:08:14Z</ModuleTime>
      <ModuleName>System.Diagnostics.FileVersionInfo</ModuleName>
      <Classes />
    </Module>
    <Module skippedDueTo="Filter" hash="C7-CF-03-DF-0E-CE-85-B8-2A-F7-57-EF-12-E4-74-20-58-19-48-ED">
      <ModulePath>C:\Program Files\dotnet\shared\Microsoft.NETCore.App\2.0.6\System.Collections.Immutable.dll</ModulePath>
      <ModuleTime>2018-02-12T18:08:12Z</ModuleTime>
      <ModuleName>System.Collections.Immutable</ModuleName>
      <Classes />
    </Module>
    <Module skippedDueTo="Filter" hash="B2-94-37-EE-ED-59-54-03-B0-86-57-F9-BA-C3-36-BA-7B-4E-34-5F">
      <ModulePath>C:\Program Files\dotnet\shared\Microsoft.NETCore.App\2.0.6\System.Reflection.Primitives.dll</ModulePath>
      <ModuleTime>2018-02-12T18:08:16Z</ModuleTime>
      <ModuleName>System.Reflection.Primitives</ModuleName>
      <Classes />
    </Module>
    <Module skippedDueTo="Filter" hash="32-4A-89-37-DB-9C-94-F1-72-31-4A-AA-B2-98-2A-8B-E9-13-AB-B3">
      <ModulePath>C:\Program Files\dotnet\shared\Microsoft.NETCore.App\2.0.6\System.Threading.Tasks.Parallel.dll</ModulePath>
      <ModuleTime>2018-02-12T18:08:18Z</ModuleTime>
      <ModuleName>System.Threading.Tasks.Parallel</ModuleName>
      <Classes />
    </Module>
    <Module skippedDueTo="MissingPdb" hash="2E-7C-DC-72-85-CE-3B-58-18-A4-DB-20-04-88-39-54-D8-F9-18-58">
      <ModulePath>C:\Program Files\dotnet\sdk\2.1.103\Microsoft.Build.Tasks.Core.dll</ModulePath>
      <ModuleTime>2018-03-21T03:16:48Z</ModuleTime>
      <ModuleName>Microsoft.Build.Tasks.Core</ModuleName>
      <Classes />
    </Module>
    <Module skippedDueTo="Filter" hash="7D-6F-C2-8E-C5-D0-E8-3B-19-83-FD-D7-62-A5-C5-8C-DC-12-C7-51">
      <ModulePath>C:\Program Files\dotnet\shared\Microsoft.NETCore.App\2.0.6\System.Threading.ThreadPool.dll</ModulePath>
      <ModuleTime>2018-02-12T18:08:18Z</ModuleTime>
      <ModuleName>System.Threading.ThreadPool</ModuleName>
      <Classes />
    </Module>
    <Module skippedDueTo="MissingPdb" hash="1B-42-03-F2-29-77-7D-22-3A-2E-85-5E-FB-F1-13-33-26-B8-0B-5D">
      <ModulePath>C:\Program Files\dotnet\sdk\2.1.103\NuGet.Build.Tasks.dll</ModulePath>
      <ModuleTime>2018-03-21T03:19:16Z</ModuleTime>
      <ModuleName>NuGet.Build.Tasks</ModuleName>
      <Classes />
    </Module>
    <Module skippedDueTo="MissingPdb" hash="49-BD-82-7B-90-04-6E-8A-D7-B0-2F-B9-93-04-8B-36-9B-AD-38-97">
      <ModulePath>C:\Program Files\dotnet\sdk\2.1.103\NuGet.Commands.dll</ModulePath>
      <ModuleTime>2018-03-21T03:19:16Z</ModuleTime>
      <ModuleName>NuGet.Commands</ModuleName>
      <Classes />
    </Module>
    <Module skippedDueTo="MissingPdb" hash="77-56-5B-67-08-D5-A9-14-AF-CD-71-7B-7F-A5-D8-F2-B2-1B-81-9E">
      <ModulePath>C:\Program Files\dotnet\sdk\2.1.103\NuGet.Common.dll</ModulePath>
      <ModuleTime>2018-03-21T03:19:16Z</ModuleTime>
      <ModuleName>NuGet.Common</ModuleName>
      <Classes />
    </Module>
    <Module skippedDueTo="MissingPdb" hash="B9-50-FE-1F-04-F7-7D-1F-43-BB-93-5D-31-E8-03-61-3C-2D-2E-62">
      <ModulePath>C:\Program Files\dotnet\shared\Microsoft.NETCore.App\2.0.6\Microsoft.Win32.Primitives.dll</ModulePath>
      <ModuleTime>2018-02-12T18:08:12Z</ModuleTime>
      <ModuleName>Microsoft.Win32.Primitives</ModuleName>
      <Classes />
    </Module>
    <Module skippedDueTo="Filter" hash="46-B5-A8-B0-43-51-4A-AE-A0-E6-D0-6D-57-F0-09-49-BE-85-86-C4">
      <ModulePath>C:\Program Files\dotnet\shared\Microsoft.NETCore.App\2.0.6\System.IO.Pipes.dll</ModulePath>
      <ModuleTime>2018-02-12T18:08:14Z</ModuleTime>
      <ModuleName>System.IO.Pipes</ModuleName>
      <Classes />
    </Module>
    <Module skippedDueTo="Filter" hash="DF-2C-0D-1E-52-A0-E9-F5-77-CA-68-4F-46-AF-0C-B2-75-A2-10-FC">
      <ModulePath>C:\Program Files\dotnet\shared\Microsoft.NETCore.App\2.0.6\System.ComponentModel.dll</ModulePath>
      <ModuleTime>2018-02-12T18:08:14Z</ModuleTime>
      <ModuleName>System.ComponentModel</ModuleName>
      <Classes />
    </Module>
    <Module skippedDueTo="Filter" hash="4E-49-A6-0E-56-4F-9D-E7-FA-6D-EF-E3-6D-51-99-4A-28-21-6E-7C">
      <ModulePath>C:\Program Files\dotnet\shared\Microsoft.NETCore.App\2.0.6\System.Threading.Overlapped.dll</ModulePath>
      <ModuleTime>2018-02-12T18:08:18Z</ModuleTime>
      <ModuleName>System.Threading.Overlapped</ModuleName>
      <Classes />
    </Module>
    <Module skippedDueTo="Filter" hash="58-56-34-A9-6C-4F-CF-85-82-82-86-1A-D3-4E-31-E8-66-61-26-EF">
      <ModulePath>C:\Program Files\dotnet\shared\Microsoft.NETCore.App\2.0.6\System.Private.CoreLib.dll</ModulePath>
      <ModuleTime>2018-02-12T18:08:18Z</ModuleTime>
      <ModuleName>System.Private.CoreLib</ModuleName>
      <Classes />
    </Module>
    <Module skippedDueTo="MissingPdb" hash="6E-46-21-94-64-A2-62-29-12-C9-3C-3C-96-CB-00-93-ED-B9-96-6B">
      <ModulePath>C:\Program Files\dotnet\sdk\2.1.103\MSBuild.dll</ModulePath>
      <ModuleTime>2018-03-21T03:17:00Z</ModuleTime>
      <ModuleName>MSBuild</ModuleName>
      <Classes />
    </Module>
    <Module skippedDueTo="Filter" hash="51-28-11-6C-8A-A5-B7-C1-5A-08-A7-9B-A1-70-42-E5-81-92-6A-CC">
      <ModulePath>C:\Program Files\dotnet\shared\Microsoft.NETCore.App\2.0.6\System.Runtime.dll</ModulePath>
      <ModuleTime>2018-02-12T18:08:16Z</ModuleTime>
      <ModuleName>System.Runtime</ModuleName>
      <Classes />
    </Module>
    <Module skippedDueTo="Filter" hash="36-CF-3D-8F-33-3D-0E-88-AE-58-32-68-A9-59-3F-F9-10-44-D8-4E">
      <ModulePath>C:\Program Files\dotnet\shared\Microsoft.NETCore.App\2.0.6\System.Runtime.Extensions.dll</ModulePath>
      <ModuleTime>2018-02-12T18:08:16Z</ModuleTime>
      <ModuleName>System.Runtime.Extensions</ModuleName>
      <Classes />
    </Module>
    <Module skippedDueTo="Filter" hash="87-6E-97-E2-F1-E2-3A-7C-C4-C2-49-4D-6D-50-8E-B2-E6-F9-9B-42">
      <ModulePath>C:\Program Files\dotnet\shared\Microsoft.NETCore.App\2.0.6\System.Threading.dll</ModulePath>
      <ModuleTime>2018-02-12T18:08:18Z</ModuleTime>
      <ModuleName>System.Threading</ModuleName>
      <Classes />
    </Module>
    <Module skippedDueTo="Filter" hash="84-A5-B8-46-CD-04-96-4C-32-C3-DE-96-00-01-58-8F-15-55-48-8C">
      <ModulePath>C:\Program Files\dotnet\shared\Microsoft.NETCore.App\2.0.6\System.Reflection.dll</ModulePath>
      <ModuleTime>2018-02-12T18:08:16Z</ModuleTime>
      <ModuleName>System.Reflection</ModuleName>
      <Classes />
    </Module>
    <Module skippedDueTo="Filter" hash="D0-00-94-2E-72-F5-B6-88-1C-D5-04-D9-6E-71-60-53-0A-AA-03-0F">
      <ModulePath>C:\Program Files\dotnet\shared\Microsoft.NETCore.App\2.0.6\System.Reflection.TypeExtensions.dll</ModulePath>
      <ModuleTime>2018-02-12T18:08:16Z</ModuleTime>
      <ModuleName>System.Reflection.TypeExtensions</ModuleName>
      <Classes />
    </Module>
    <Module skippedDueTo="Filter" hash="5C-5F-72-69-DB-A5-64-39-1F-D2-D4-E2-8C-C1-E8-68-5B-3A-7E-D1">
      <ModulePath>C:\Program Files\dotnet\shared\Microsoft.NETCore.App\2.0.6\System.Globalization.dll</ModulePath>
      <ModuleTime>2018-02-12T18:08:14Z</ModuleTime>
      <ModuleName>System.Globalization</ModuleName>
      <Classes />
    </Module>
    <Module skippedDueTo="Filter" hash="2D-D5-79-0F-63-C2-97-8D-11-D4-ED-6E-EF-4A-71-51-35-3B-78-B7">
      <ModulePath>C:\Program Files\dotnet\shared\Microsoft.NETCore.App\2.0.6\System.IO.FileSystem.dll</ModulePath>
      <ModuleTime>2018-02-12T18:08:14Z</ModuleTime>
      <ModuleName>System.IO.FileSystem</ModuleName>
      <Classes />
    </Module>
    <Module skippedDueTo="Filter" hash="D5-0A-9E-A5-80-D5-8E-41-A4-1F-1D-14-8D-6C-94-41-07-EC-35-CE">
      <ModulePath>C:\Program Files\dotnet\shared\Microsoft.NETCore.App\2.0.6\System.Linq.dll</ModulePath>
      <ModuleTime>2018-02-12T18:08:14Z</ModuleTime>
      <ModuleName>System.Linq</ModuleName>
      <Classes />
    </Module>
    <Module skippedDueTo="Filter" hash="F0-E4-84-A8-79-A1-1B-38-7C-57-A6-1F-CE-65-6F-D3-66-03-E9-8A">
      <ModulePath>C:\Program Files\dotnet\shared\Microsoft.NETCore.App\2.0.6\System.Text.RegularExpressions.dll</ModulePath>
      <ModuleTime>2018-02-12T18:08:18Z</ModuleTime>
      <ModuleName>System.Text.RegularExpressions</ModuleName>
      <Classes />
    </Module>
    <Module skippedDueTo="Filter" hash="C5-2B-DD-C6-5B-96-07-F3-04-F0-EA-41-A0-C5-1D-30-9E-F1-A1-DA">
      <ModulePath>C:\Program Files\dotnet\shared\Microsoft.NETCore.App\2.0.6\System.Runtime.InteropServices.RuntimeInformation.dll</ModulePath>
      <ModuleTime>2018-02-12T18:08:16Z</ModuleTime>
      <ModuleName>System.Runtime.InteropServices.RuntimeInformation</ModuleName>
      <Classes />
    </Module>
    <Module skippedDueTo="Filter" hash="92-A0-A8-8E-51-E6-AC-FD-A9-8C-33-D5-9F-34-2A-C5-2D-11-65-A6">
      <ModulePath>C:\Program Files\dotnet\shared\Microsoft.NETCore.App\2.0.6\System.Collections.dll</ModulePath>
      <ModuleTime>2018-02-12T18:08:12Z</ModuleTime>
      <ModuleName>System.Collections</ModuleName>
      <Classes />
    </Module>
    <Module skippedDueTo="Filter" hash="74-77-FB-84-E3-C2-3C-CD-DE-DE-03-62-6F-FC-4E-9B-2B-38-27-33">
      <ModulePath>C:\Program Files\dotnet\shared\Microsoft.NETCore.App\2.0.6\System.Runtime.InteropServices.dll</ModulePath>
      <ModuleTime>2018-02-12T18:08:16Z</ModuleTime>
      <ModuleName>System.Runtime.InteropServices</ModuleName>
      <Classes />
    </Module>
    <Module skippedDueTo="Filter" hash="39-CE-2D-79-52-EE-1C-FB-A4-40-2A-FC-71-B3-EE-EF-8A-A0-8F-E0">
      <ModulePath>C:\Program Files\dotnet\shared\Microsoft.NETCore.App\2.0.6\System.Console.dll</ModulePath>
      <ModuleTime>2018-02-12T18:08:14Z</ModuleTime>
      <ModuleName>System.Console</ModuleName>
      <Classes />
    </Module>
    <Module skippedDueTo="Filter" hash="9B-B2-26-38-80-06-02-28-A4-DF-F9-92-31-58-77-EB-78-E4-2F-E5">
      <ModulePath>C:\Program Files\dotnet\shared\Microsoft.NETCore.App\2.0.6\System.Diagnostics.Process.dll</ModulePath>
      <ModuleTime>2018-02-12T18:08:14Z</ModuleTime>
      <ModuleName>System.Diagnostics.Process</ModuleName>
      <Classes />
    </Module>
    <Module skippedDueTo="Filter" hash="19-EA-D5-8B-E7-5B-F7-A7-5D-34-D7-0B-4C-9E-95-3E-45-F3-88-6A">
      <ModulePath>C:\Program Files\dotnet\shared\Microsoft.NETCore.App\2.0.6\System.ComponentModel.Primitives.dll</ModulePath>
      <ModuleTime>2018-02-12T18:08:12Z</ModuleTime>
      <ModuleName>System.ComponentModel.Primitives</ModuleName>
      <Classes />
    </Module>
    <Module skippedDueTo="MissingPdb" hash="DC-FE-09-A9-41-62-B7-B2-38-0A-1A-6C-E2-E5-1F-9B-BA-F9-BD-70">
      <ModulePath>C:\Program Files\dotnet\sdk\2.1.103\Microsoft.Build.Framework.dll</ModulePath>
      <ModuleTime>2018-03-21T03:16:48Z</ModuleTime>
      <ModuleName>Microsoft.Build.Framework</ModuleName>
      <Classes />
    </Module>
    <Module skippedDueTo="Filter" hash="92-0F-F6-8D-25-2E-E2-96-B4-90-BB-09-1C-92-83-87-02-67-80-3D">
      <ModulePath>C:\Program Files\dotnet\shared\Microsoft.NETCore.App\2.0.6\System.IO.dll</ModulePath>
      <ModuleTime>2018-02-12T18:08:14Z</ModuleTime>
      <ModuleName>System.IO</ModuleName>
      <Classes />
    </Module>
    <Module skippedDueTo="MissingPdb" hash="CB-86-F2-07-7A-93-EF-C0-CB-73-EE-36-4E-54-8D-50-AC-FD-20-64">
      <ModulePath>C:\Program Files\dotnet\sdk\2.1.103\Microsoft.Build.dll</ModulePath>
      <ModuleTime>2018-03-21T03:16:48Z</ModuleTime>
      <ModuleName>Microsoft.Build</ModuleName>
      <Classes />
    </Module>
    <Module skippedDueTo="Filter" hash="7A-55-D0-BE-81-29-A1-73-C0-BC-64-08-30-2D-37-9C-D5-AB-6C-A3">
      <ModulePath>C:\Program Files\dotnet\sdk\2.1.103\runtimes\win\lib\netstandard1.3\System.Text.Encoding.CodePages.dll</ModulePath>
      <ModuleTime>2018-03-21T03:16:38Z</ModuleTime>
      <ModuleName>System.Text.Encoding.CodePages</ModuleName>
      <Classes />
    </Module>
    <Module skippedDueTo="Filter" hash="5B-FA-6D-3A-BF-CD-18-1B-F0-86-66-77-D2-D2-7F-72-AE-2E-2F-A0">
      <ModulePath>C:\Program Files\dotnet\shared\Microsoft.NETCore.App\2.0.6\System.Text.Encoding.dll</ModulePath>
      <ModuleTime>2018-02-12T18:08:18Z</ModuleTime>
      <ModuleName>System.Text.Encoding</ModuleName>
      <Classes />
    </Module>
    <Module skippedDueTo="Filter" hash="4E-25-12-36-8F-32-6E-98-57-06-C9-65-B7-76-85-61-93-FA-55-AE">
      <ModulePath>C:\Program Files\dotnet\shared\Microsoft.NETCore.App\2.0.6\System.Collections.NonGeneric.dll</ModulePath>
      <ModuleTime>2018-02-12T18:08:12Z</ModuleTime>
      <ModuleName>System.Collections.NonGeneric</ModuleName>
      <Classes />
    </Module>
    <Module skippedDueTo="Filter" hash="94-46-3F-80-95-7F-8A-16-35-39-D5-37-54-AE-3B-0E-95-D2-24-FF">
      <ModulePath>C:\Program Files\dotnet\shared\Microsoft.NETCore.App\2.0.6\System.Collections.Concurrent.dll</ModulePath>
      <ModuleTime>2018-02-12T18:08:12Z</ModuleTime>
      <ModuleName>System.Collections.Concurrent</ModuleName>
      <Classes />
    </Module>
    <Module skippedDueTo="Filter" hash="DF-5C-FF-96-00-17-A0-6B-D0-3A-36-45-BE-79-3C-DE-BA-AF-CA-19">
      <ModulePath>C:\Program Files\dotnet\shared\Microsoft.NETCore.App\2.0.6\System.Threading.Tasks.dll</ModulePath>
      <ModuleTime>2018-02-12T18:08:18Z</ModuleTime>
      <ModuleName>System.Threading.Tasks</ModuleName>
      <Classes />
    </Module>
    <Module skippedDueTo="Filter" hash="46-B5-A8-B0-43-51-4A-AE-A0-E6-D0-6D-57-F0-09-49-BE-85-86-C4">
      <ModulePath>C:\Program Files\dotnet\shared\Microsoft.NETCore.App\2.0.6\System.IO.Pipes.dll</ModulePath>
      <ModuleTime>2018-02-12T18:08:14Z</ModuleTime>
      <ModuleName>System.IO.Pipes</ModuleName>
      <Classes />
    </Module>
    <Module skippedDueTo="Filter" hash="4F-4C-40-E4-82-C3-85-1A-AF-56-BD-FA-7E-4F-92-20-D7-D4-29-BE">
      <ModulePath>C:\Program Files\dotnet\shared\Microsoft.NETCore.App\2.0.6\System.Text.Encoding.Extensions.dll</ModulePath>
      <ModuleTime>2018-02-12T18:08:18Z</ModuleTime>
      <ModuleName>System.Text.Encoding.Extensions</ModuleName>
      <Classes />
    </Module>
    <Module skippedDueTo="Filter" hash="2A-5E-9E-2C-38-87-BC-0E-56-4F-6E-D1-E2-29-43-D4-A8-9E-43-AA">
      <ModulePath>C:\Program Files\dotnet\shared\Microsoft.NETCore.App\2.0.6\System.Threading.Thread.dll</ModulePath>
      <ModuleTime>2018-02-12T18:08:18Z</ModuleTime>
      <ModuleName>System.Threading.Thread</ModuleName>
      <Classes />
    </Module>
    <Module skippedDueTo="Filter" hash="4E-49-A6-0E-56-4F-9D-E7-FA-6D-EF-E3-6D-51-99-4A-28-21-6E-7C">
      <ModulePath>C:\Program Files\dotnet\shared\Microsoft.NETCore.App\2.0.6\System.Threading.Overlapped.dll</ModulePath>
      <ModuleTime>2018-02-12T18:08:18Z</ModuleTime>
      <ModuleName>System.Threading.Overlapped</ModuleName>
      <Classes />
    </Module>
    <Module skippedDueTo="Filter" hash="50-77-9F-CB-12-69-CF-BF-B6-B0-1F-55-50-63-BB-61-08-2A-9E-55">
      <ModulePath>C:\Program Files\dotnet\shared\Microsoft.NETCore.App\2.0.6\System.ObjectModel.dll</ModulePath>
      <ModuleTime>2018-02-12T18:08:14Z</ModuleTime>
      <ModuleName>System.ObjectModel</ModuleName>
      <Classes />
    </Module>
    <Module skippedDueTo="Filter" hash="3D-B3-66-6F-CB-BC-50-AB-35-7C-8D-7C-AF-45-05-0B-44-09-69-13">
      <ModulePath>C:\Program Files\dotnet\shared\Microsoft.NETCore.App\2.0.6\System.Threading.Tasks.Dataflow.dll</ModulePath>
      <ModuleTime>2018-02-12T18:08:18Z</ModuleTime>
      <ModuleName>System.Threading.Tasks.Dataflow</ModuleName>
      <Classes />
    </Module>
    <Module skippedDueTo="MissingPdb" hash="D7-4C-25-9E-F6-F3-AC-52-49-87-FB-5B-B5-45-ED-AA-3C-DC-3A-CD">
      <ModulePath>C:\Program Files\dotnet\shared\Microsoft.NETCore.App\2.0.6\netstandard.dll</ModulePath>
      <ModuleTime>2018-02-12T18:08:18Z</ModuleTime>
      <ModuleName>netstandard</ModuleName>
      <Classes />
    </Module>
    <Module skippedDueTo="Filter" hash="FC-7B-CD-1A-6E-67-17-C3-65-5B-B9-2A-DB-4E-67-8F-CE-B4-2B-1B">
      <ModulePath>C:\Program Files\dotnet\shared\Microsoft.NETCore.App\2.0.6\System.Diagnostics.Tracing.dll</ModulePath>
      <ModuleTime>2018-02-12T18:08:14Z</ModuleTime>
      <ModuleName>System.Diagnostics.Tracing</ModuleName>
      <Classes />
    </Module>
    <Module skippedDueTo="Filter" hash="DC-9E-FD-06-2F-6D-3A-1A-46-CF-7A-EF-EC-36-61-8E-4D-8A-49-3B">
      <ModulePath>C:\Program Files\dotnet\shared\Microsoft.NETCore.App\2.0.6\System.Reflection.Extensions.dll</ModulePath>
      <ModuleTime>2018-02-12T18:08:16Z</ModuleTime>
      <ModuleName>System.Reflection.Extensions</ModuleName>
      <Classes />
    </Module>
    <Module skippedDueTo="Filter" hash="89-75-06-46-0C-9B-CD-2F-AA-E6-06-34-77-24-D5-14-0C-B4-74-2A">
      <ModulePath>C:\Program Files\dotnet\shared\Microsoft.NETCore.App\2.0.6\System.Resources.ResourceManager.dll</ModulePath>
      <ModuleTime>2018-02-12T18:08:16Z</ModuleTime>
      <ModuleName>System.Resources.ResourceManager</ModuleName>
      <Classes />
    </Module>
    <Module skippedDueTo="MissingPdb" hash="BE-6E-44-65-E9-4B-2B-3D-5D-31-C5-21-BA-AE-AD-DB-C8-FC-E1-BC">
      <ModulePath>C:\Program Files\dotnet\sdk\2.1.103\pt-BR\Microsoft.Build.resources.dll</ModulePath>
      <ModuleTime>2018-03-21T03:17:30Z</ModuleTime>
      <ModuleName>Microsoft.Build.resources</ModuleName>
      <Classes />
    </Module>
    <Module skippedDueTo="Filter" hash="58-56-34-A9-6C-4F-CF-85-82-82-86-1A-D3-4E-31-E8-66-61-26-EF">
      <ModulePath>C:\Program Files\dotnet\shared\Microsoft.NETCore.App\2.0.6\System.Private.CoreLib.dll</ModulePath>
      <ModuleTime>2018-02-12T18:08:18Z</ModuleTime>
      <ModuleName>System.Private.CoreLib</ModuleName>
      <Classes />
    </Module>
    <Module skippedDueTo="MissingPdb" hash="6E-46-21-94-64-A2-62-29-12-C9-3C-3C-96-CB-00-93-ED-B9-96-6B">
      <ModulePath>C:\Program Files\dotnet\sdk\2.1.103\MSBuild.dll</ModulePath>
      <ModuleTime>2018-03-21T03:17:00Z</ModuleTime>
      <ModuleName>MSBuild</ModuleName>
      <Classes />
    </Module>
    <Module skippedDueTo="Filter" hash="51-28-11-6C-8A-A5-B7-C1-5A-08-A7-9B-A1-70-42-E5-81-92-6A-CC">
      <ModulePath>C:\Program Files\dotnet\shared\Microsoft.NETCore.App\2.0.6\System.Runtime.dll</ModulePath>
      <ModuleTime>2018-02-12T18:08:16Z</ModuleTime>
      <ModuleName>System.Runtime</ModuleName>
      <Classes />
    </Module>
    <Module skippedDueTo="Filter" hash="36-CF-3D-8F-33-3D-0E-88-AE-58-32-68-A9-59-3F-F9-10-44-D8-4E">
      <ModulePath>C:\Program Files\dotnet\shared\Microsoft.NETCore.App\2.0.6\System.Runtime.Extensions.dll</ModulePath>
      <ModuleTime>2018-02-12T18:08:16Z</ModuleTime>
      <ModuleName>System.Runtime.Extensions</ModuleName>
      <Classes />
    </Module>
    <Module skippedDueTo="Filter" hash="87-6E-97-E2-F1-E2-3A-7C-C4-C2-49-4D-6D-50-8E-B2-E6-F9-9B-42">
      <ModulePath>C:\Program Files\dotnet\shared\Microsoft.NETCore.App\2.0.6\System.Threading.dll</ModulePath>
      <ModuleTime>2018-02-12T18:08:18Z</ModuleTime>
      <ModuleName>System.Threading</ModuleName>
      <Classes />
    </Module>
    <Module skippedDueTo="Filter" hash="84-A5-B8-46-CD-04-96-4C-32-C3-DE-96-00-01-58-8F-15-55-48-8C">
      <ModulePath>C:\Program Files\dotnet\shared\Microsoft.NETCore.App\2.0.6\System.Reflection.dll</ModulePath>
      <ModuleTime>2018-02-12T18:08:16Z</ModuleTime>
      <ModuleName>System.Reflection</ModuleName>
      <Classes />
    </Module>
    <Module skippedDueTo="Filter" hash="D0-00-94-2E-72-F5-B6-88-1C-D5-04-D9-6E-71-60-53-0A-AA-03-0F">
      <ModulePath>C:\Program Files\dotnet\shared\Microsoft.NETCore.App\2.0.6\System.Reflection.TypeExtensions.dll</ModulePath>
      <ModuleTime>2018-02-12T18:08:16Z</ModuleTime>
      <ModuleName>System.Reflection.TypeExtensions</ModuleName>
      <Classes />
    </Module>
    <Module skippedDueTo="Filter" hash="5C-5F-72-69-DB-A5-64-39-1F-D2-D4-E2-8C-C1-E8-68-5B-3A-7E-D1">
      <ModulePath>C:\Program Files\dotnet\shared\Microsoft.NETCore.App\2.0.6\System.Globalization.dll</ModulePath>
      <ModuleTime>2018-02-12T18:08:14Z</ModuleTime>
      <ModuleName>System.Globalization</ModuleName>
      <Classes />
    </Module>
    <Module skippedDueTo="Filter" hash="2D-D5-79-0F-63-C2-97-8D-11-D4-ED-6E-EF-4A-71-51-35-3B-78-B7">
      <ModulePath>C:\Program Files\dotnet\shared\Microsoft.NETCore.App\2.0.6\System.IO.FileSystem.dll</ModulePath>
      <ModuleTime>2018-02-12T18:08:14Z</ModuleTime>
      <ModuleName>System.IO.FileSystem</ModuleName>
      <Classes />
    </Module>
    <Module skippedDueTo="Filter" hash="D5-0A-9E-A5-80-D5-8E-41-A4-1F-1D-14-8D-6C-94-41-07-EC-35-CE">
      <ModulePath>C:\Program Files\dotnet\shared\Microsoft.NETCore.App\2.0.6\System.Linq.dll</ModulePath>
      <ModuleTime>2018-02-12T18:08:14Z</ModuleTime>
      <ModuleName>System.Linq</ModuleName>
      <Classes />
    </Module>
    <Module skippedDueTo="Filter" hash="F0-E4-84-A8-79-A1-1B-38-7C-57-A6-1F-CE-65-6F-D3-66-03-E9-8A">
      <ModulePath>C:\Program Files\dotnet\shared\Microsoft.NETCore.App\2.0.6\System.Text.RegularExpressions.dll</ModulePath>
      <ModuleTime>2018-02-12T18:08:18Z</ModuleTime>
      <ModuleName>System.Text.RegularExpressions</ModuleName>
      <Classes />
    </Module>
    <Module skippedDueTo="Filter" hash="C5-2B-DD-C6-5B-96-07-F3-04-F0-EA-41-A0-C5-1D-30-9E-F1-A1-DA">
      <ModulePath>C:\Program Files\dotnet\shared\Microsoft.NETCore.App\2.0.6\System.Runtime.InteropServices.RuntimeInformation.dll</ModulePath>
      <ModuleTime>2018-02-12T18:08:16Z</ModuleTime>
      <ModuleName>System.Runtime.InteropServices.RuntimeInformation</ModuleName>
      <Classes />
    </Module>
    <Module skippedDueTo="Filter" hash="92-A0-A8-8E-51-E6-AC-FD-A9-8C-33-D5-9F-34-2A-C5-2D-11-65-A6">
      <ModulePath>C:\Program Files\dotnet\shared\Microsoft.NETCore.App\2.0.6\System.Collections.dll</ModulePath>
      <ModuleTime>2018-02-12T18:08:12Z</ModuleTime>
      <ModuleName>System.Collections</ModuleName>
      <Classes />
    </Module>
    <Module skippedDueTo="Filter" hash="74-77-FB-84-E3-C2-3C-CD-DE-DE-03-62-6F-FC-4E-9B-2B-38-27-33">
      <ModulePath>C:\Program Files\dotnet\shared\Microsoft.NETCore.App\2.0.6\System.Runtime.InteropServices.dll</ModulePath>
      <ModuleTime>2018-02-12T18:08:16Z</ModuleTime>
      <ModuleName>System.Runtime.InteropServices</ModuleName>
      <Classes />
    </Module>
    <Module skippedDueTo="Filter" hash="39-CE-2D-79-52-EE-1C-FB-A4-40-2A-FC-71-B3-EE-EF-8A-A0-8F-E0">
      <ModulePath>C:\Program Files\dotnet\shared\Microsoft.NETCore.App\2.0.6\System.Console.dll</ModulePath>
      <ModuleTime>2018-02-12T18:08:14Z</ModuleTime>
      <ModuleName>System.Console</ModuleName>
      <Classes />
    </Module>
    <Module skippedDueTo="Filter" hash="9B-B2-26-38-80-06-02-28-A4-DF-F9-92-31-58-77-EB-78-E4-2F-E5">
      <ModulePath>C:\Program Files\dotnet\shared\Microsoft.NETCore.App\2.0.6\System.Diagnostics.Process.dll</ModulePath>
      <ModuleTime>2018-02-12T18:08:14Z</ModuleTime>
      <ModuleName>System.Diagnostics.Process</ModuleName>
      <Classes />
    </Module>
    <Module skippedDueTo="Filter" hash="19-EA-D5-8B-E7-5B-F7-A7-5D-34-D7-0B-4C-9E-95-3E-45-F3-88-6A">
      <ModulePath>C:\Program Files\dotnet\shared\Microsoft.NETCore.App\2.0.6\System.ComponentModel.Primitives.dll</ModulePath>
      <ModuleTime>2018-02-12T18:08:12Z</ModuleTime>
      <ModuleName>System.ComponentModel.Primitives</ModuleName>
      <Classes />
    </Module>
    <Module skippedDueTo="MissingPdb" hash="DC-FE-09-A9-41-62-B7-B2-38-0A-1A-6C-E2-E5-1F-9B-BA-F9-BD-70">
      <ModulePath>C:\Program Files\dotnet\sdk\2.1.103\Microsoft.Build.Framework.dll</ModulePath>
      <ModuleTime>2018-03-21T03:16:48Z</ModuleTime>
      <ModuleName>Microsoft.Build.Framework</ModuleName>
      <Classes />
    </Module>
    <Module skippedDueTo="Filter" hash="92-0F-F6-8D-25-2E-E2-96-B4-90-BB-09-1C-92-83-87-02-67-80-3D">
      <ModulePath>C:\Program Files\dotnet\shared\Microsoft.NETCore.App\2.0.6\System.IO.dll</ModulePath>
      <ModuleTime>2018-02-12T18:08:14Z</ModuleTime>
      <ModuleName>System.IO</ModuleName>
      <Classes />
    </Module>
    <Module skippedDueTo="MissingPdb" hash="CB-86-F2-07-7A-93-EF-C0-CB-73-EE-36-4E-54-8D-50-AC-FD-20-64">
      <ModulePath>C:\Program Files\dotnet\sdk\2.1.103\Microsoft.Build.dll</ModulePath>
      <ModuleTime>2018-03-21T03:16:48Z</ModuleTime>
      <ModuleName>Microsoft.Build</ModuleName>
      <Classes />
    </Module>
    <Module skippedDueTo="Filter" hash="7A-55-D0-BE-81-29-A1-73-C0-BC-64-08-30-2D-37-9C-D5-AB-6C-A3">
      <ModulePath>C:\Program Files\dotnet\sdk\2.1.103\runtimes\win\lib\netstandard1.3\System.Text.Encoding.CodePages.dll</ModulePath>
      <ModuleTime>2018-03-21T03:16:38Z</ModuleTime>
      <ModuleName>System.Text.Encoding.CodePages</ModuleName>
      <Classes />
    </Module>
    <Module skippedDueTo="Filter" hash="5B-FA-6D-3A-BF-CD-18-1B-F0-86-66-77-D2-D2-7F-72-AE-2E-2F-A0">
      <ModulePath>C:\Program Files\dotnet\shared\Microsoft.NETCore.App\2.0.6\System.Text.Encoding.dll</ModulePath>
      <ModuleTime>2018-02-12T18:08:18Z</ModuleTime>
      <ModuleName>System.Text.Encoding</ModuleName>
      <Classes />
    </Module>
    <Module skippedDueTo="Filter" hash="4E-25-12-36-8F-32-6E-98-57-06-C9-65-B7-76-85-61-93-FA-55-AE">
      <ModulePath>C:\Program Files\dotnet\shared\Microsoft.NETCore.App\2.0.6\System.Collections.NonGeneric.dll</ModulePath>
      <ModuleTime>2018-02-12T18:08:12Z</ModuleTime>
      <ModuleName>System.Collections.NonGeneric</ModuleName>
      <Classes />
    </Module>
    <Module skippedDueTo="Filter" hash="94-46-3F-80-95-7F-8A-16-35-39-D5-37-54-AE-3B-0E-95-D2-24-FF">
      <ModulePath>C:\Program Files\dotnet\shared\Microsoft.NETCore.App\2.0.6\System.Collections.Concurrent.dll</ModulePath>
      <ModuleTime>2018-02-12T18:08:12Z</ModuleTime>
      <ModuleName>System.Collections.Concurrent</ModuleName>
      <Classes />
    </Module>
    <Module skippedDueTo="Filter" hash="DF-5C-FF-96-00-17-A0-6B-D0-3A-36-45-BE-79-3C-DE-BA-AF-CA-19">
      <ModulePath>C:\Program Files\dotnet\shared\Microsoft.NETCore.App\2.0.6\System.Threading.Tasks.dll</ModulePath>
      <ModuleTime>2018-02-12T18:08:18Z</ModuleTime>
      <ModuleName>System.Threading.Tasks</ModuleName>
      <Classes />
    </Module>
    <Module skippedDueTo="Filter" hash="46-B5-A8-B0-43-51-4A-AE-A0-E6-D0-6D-57-F0-09-49-BE-85-86-C4">
      <ModulePath>C:\Program Files\dotnet\shared\Microsoft.NETCore.App\2.0.6\System.IO.Pipes.dll</ModulePath>
      <ModuleTime>2018-02-12T18:08:14Z</ModuleTime>
      <ModuleName>System.IO.Pipes</ModuleName>
      <Classes />
    </Module>
    <Module skippedDueTo="Filter" hash="4F-4C-40-E4-82-C3-85-1A-AF-56-BD-FA-7E-4F-92-20-D7-D4-29-BE">
      <ModulePath>C:\Program Files\dotnet\shared\Microsoft.NETCore.App\2.0.6\System.Text.Encoding.Extensions.dll</ModulePath>
      <ModuleTime>2018-02-12T18:08:18Z</ModuleTime>
      <ModuleName>System.Text.Encoding.Extensions</ModuleName>
      <Classes />
    </Module>
    <Module skippedDueTo="Filter" hash="2A-5E-9E-2C-38-87-BC-0E-56-4F-6E-D1-E2-29-43-D4-A8-9E-43-AA">
      <ModulePath>C:\Program Files\dotnet\shared\Microsoft.NETCore.App\2.0.6\System.Threading.Thread.dll</ModulePath>
      <ModuleTime>2018-02-12T18:08:18Z</ModuleTime>
      <ModuleName>System.Threading.Thread</ModuleName>
      <Classes />
    </Module>
    <Module skippedDueTo="Filter" hash="4E-49-A6-0E-56-4F-9D-E7-FA-6D-EF-E3-6D-51-99-4A-28-21-6E-7C">
      <ModulePath>C:\Program Files\dotnet\shared\Microsoft.NETCore.App\2.0.6\System.Threading.Overlapped.dll</ModulePath>
      <ModuleTime>2018-02-12T18:08:18Z</ModuleTime>
      <ModuleName>System.Threading.Overlapped</ModuleName>
      <Classes />
    </Module>
    <Module skippedDueTo="Filter" hash="50-77-9F-CB-12-69-CF-BF-B6-B0-1F-55-50-63-BB-61-08-2A-9E-55">
      <ModulePath>C:\Program Files\dotnet\shared\Microsoft.NETCore.App\2.0.6\System.ObjectModel.dll</ModulePath>
      <ModuleTime>2018-02-12T18:08:14Z</ModuleTime>
      <ModuleName>System.ObjectModel</ModuleName>
      <Classes />
    </Module>
    <Module skippedDueTo="Filter" hash="3D-B3-66-6F-CB-BC-50-AB-35-7C-8D-7C-AF-45-05-0B-44-09-69-13">
      <ModulePath>C:\Program Files\dotnet\shared\Microsoft.NETCore.App\2.0.6\System.Threading.Tasks.Dataflow.dll</ModulePath>
      <ModuleTime>2018-02-12T18:08:18Z</ModuleTime>
      <ModuleName>System.Threading.Tasks.Dataflow</ModuleName>
      <Classes />
    </Module>
    <Module skippedDueTo="MissingPdb" hash="D7-4C-25-9E-F6-F3-AC-52-49-87-FB-5B-B5-45-ED-AA-3C-DC-3A-CD">
      <ModulePath>C:\Program Files\dotnet\shared\Microsoft.NETCore.App\2.0.6\netstandard.dll</ModulePath>
      <ModuleTime>2018-02-12T18:08:18Z</ModuleTime>
      <ModuleName>netstandard</ModuleName>
      <Classes />
    </Module>
    <Module skippedDueTo="Filter" hash="FC-7B-CD-1A-6E-67-17-C3-65-5B-B9-2A-DB-4E-67-8F-CE-B4-2B-1B">
      <ModulePath>C:\Program Files\dotnet\shared\Microsoft.NETCore.App\2.0.6\System.Diagnostics.Tracing.dll</ModulePath>
      <ModuleTime>2018-02-12T18:08:14Z</ModuleTime>
      <ModuleName>System.Diagnostics.Tracing</ModuleName>
      <Classes />
    </Module>
    <Module skippedDueTo="Filter" hash="DC-9E-FD-06-2F-6D-3A-1A-46-CF-7A-EF-EC-36-61-8E-4D-8A-49-3B">
      <ModulePath>C:\Program Files\dotnet\shared\Microsoft.NETCore.App\2.0.6\System.Reflection.Extensions.dll</ModulePath>
      <ModuleTime>2018-02-12T18:08:16Z</ModuleTime>
      <ModuleName>System.Reflection.Extensions</ModuleName>
      <Classes />
    </Module>
    <Module skippedDueTo="Filter" hash="89-75-06-46-0C-9B-CD-2F-AA-E6-06-34-77-24-D5-14-0C-B4-74-2A">
      <ModulePath>C:\Program Files\dotnet\shared\Microsoft.NETCore.App\2.0.6\System.Resources.ResourceManager.dll</ModulePath>
      <ModuleTime>2018-02-12T18:08:16Z</ModuleTime>
      <ModuleName>System.Resources.ResourceManager</ModuleName>
      <Classes />
    </Module>
    <Module skippedDueTo="MissingPdb" hash="BE-6E-44-65-E9-4B-2B-3D-5D-31-C5-21-BA-AE-AD-DB-C8-FC-E1-BC">
      <ModulePath>C:\Program Files\dotnet\sdk\2.1.103\pt-BR\Microsoft.Build.resources.dll</ModulePath>
      <ModuleTime>2018-03-21T03:17:30Z</ModuleTime>
      <ModuleName>Microsoft.Build.resources</ModuleName>
      <Classes />
    </Module>
    <Module skippedDueTo="Filter" hash="58-56-34-A9-6C-4F-CF-85-82-82-86-1A-D3-4E-31-E8-66-61-26-EF">
      <ModulePath>C:\Program Files\dotnet\shared\Microsoft.NETCore.App\2.0.6\System.Private.CoreLib.dll</ModulePath>
      <ModuleTime>2018-02-12T18:08:18Z</ModuleTime>
      <ModuleName>System.Private.CoreLib</ModuleName>
      <Classes />
    </Module>
    <Module skippedDueTo="MissingPdb" hash="6E-46-21-94-64-A2-62-29-12-C9-3C-3C-96-CB-00-93-ED-B9-96-6B">
      <ModulePath>C:\Program Files\dotnet\sdk\2.1.103\MSBuild.dll</ModulePath>
      <ModuleTime>2018-03-21T03:17:00Z</ModuleTime>
      <ModuleName>MSBuild</ModuleName>
      <Classes />
    </Module>
    <Module skippedDueTo="Filter" hash="51-28-11-6C-8A-A5-B7-C1-5A-08-A7-9B-A1-70-42-E5-81-92-6A-CC">
      <ModulePath>C:\Program Files\dotnet\shared\Microsoft.NETCore.App\2.0.6\System.Runtime.dll</ModulePath>
      <ModuleTime>2018-02-12T18:08:16Z</ModuleTime>
      <ModuleName>System.Runtime</ModuleName>
      <Classes />
    </Module>
    <Module skippedDueTo="Filter" hash="36-CF-3D-8F-33-3D-0E-88-AE-58-32-68-A9-59-3F-F9-10-44-D8-4E">
      <ModulePath>C:\Program Files\dotnet\shared\Microsoft.NETCore.App\2.0.6\System.Runtime.Extensions.dll</ModulePath>
      <ModuleTime>2018-02-12T18:08:16Z</ModuleTime>
      <ModuleName>System.Runtime.Extensions</ModuleName>
      <Classes />
    </Module>
    <Module skippedDueTo="Filter" hash="87-6E-97-E2-F1-E2-3A-7C-C4-C2-49-4D-6D-50-8E-B2-E6-F9-9B-42">
      <ModulePath>C:\Program Files\dotnet\shared\Microsoft.NETCore.App\2.0.6\System.Threading.dll</ModulePath>
      <ModuleTime>2018-02-12T18:08:18Z</ModuleTime>
      <ModuleName>System.Threading</ModuleName>
      <Classes />
    </Module>
    <Module skippedDueTo="Filter" hash="84-A5-B8-46-CD-04-96-4C-32-C3-DE-96-00-01-58-8F-15-55-48-8C">
      <ModulePath>C:\Program Files\dotnet\shared\Microsoft.NETCore.App\2.0.6\System.Reflection.dll</ModulePath>
      <ModuleTime>2018-02-12T18:08:16Z</ModuleTime>
      <ModuleName>System.Reflection</ModuleName>
      <Classes />
    </Module>
    <Module skippedDueTo="Filter" hash="D0-00-94-2E-72-F5-B6-88-1C-D5-04-D9-6E-71-60-53-0A-AA-03-0F">
      <ModulePath>C:\Program Files\dotnet\shared\Microsoft.NETCore.App\2.0.6\System.Reflection.TypeExtensions.dll</ModulePath>
      <ModuleTime>2018-02-12T18:08:16Z</ModuleTime>
      <ModuleName>System.Reflection.TypeExtensions</ModuleName>
      <Classes />
    </Module>
    <Module skippedDueTo="Filter" hash="5C-5F-72-69-DB-A5-64-39-1F-D2-D4-E2-8C-C1-E8-68-5B-3A-7E-D1">
      <ModulePath>C:\Program Files\dotnet\shared\Microsoft.NETCore.App\2.0.6\System.Globalization.dll</ModulePath>
      <ModuleTime>2018-02-12T18:08:14Z</ModuleTime>
      <ModuleName>System.Globalization</ModuleName>
      <Classes />
    </Module>
    <Module skippedDueTo="Filter" hash="2D-D5-79-0F-63-C2-97-8D-11-D4-ED-6E-EF-4A-71-51-35-3B-78-B7">
      <ModulePath>C:\Program Files\dotnet\shared\Microsoft.NETCore.App\2.0.6\System.IO.FileSystem.dll</ModulePath>
      <ModuleTime>2018-02-12T18:08:14Z</ModuleTime>
      <ModuleName>System.IO.FileSystem</ModuleName>
      <Classes />
    </Module>
    <Module skippedDueTo="Filter" hash="D5-0A-9E-A5-80-D5-8E-41-A4-1F-1D-14-8D-6C-94-41-07-EC-35-CE">
      <ModulePath>C:\Program Files\dotnet\shared\Microsoft.NETCore.App\2.0.6\System.Linq.dll</ModulePath>
      <ModuleTime>2018-02-12T18:08:14Z</ModuleTime>
      <ModuleName>System.Linq</ModuleName>
      <Classes />
    </Module>
    <Module skippedDueTo="Filter" hash="F0-E4-84-A8-79-A1-1B-38-7C-57-A6-1F-CE-65-6F-D3-66-03-E9-8A">
      <ModulePath>C:\Program Files\dotnet\shared\Microsoft.NETCore.App\2.0.6\System.Text.RegularExpressions.dll</ModulePath>
      <ModuleTime>2018-02-12T18:08:18Z</ModuleTime>
      <ModuleName>System.Text.RegularExpressions</ModuleName>
      <Classes />
    </Module>
    <Module skippedDueTo="Filter" hash="C5-2B-DD-C6-5B-96-07-F3-04-F0-EA-41-A0-C5-1D-30-9E-F1-A1-DA">
      <ModulePath>C:\Program Files\dotnet\shared\Microsoft.NETCore.App\2.0.6\System.Runtime.InteropServices.RuntimeInformation.dll</ModulePath>
      <ModuleTime>2018-02-12T18:08:16Z</ModuleTime>
      <ModuleName>System.Runtime.InteropServices.RuntimeInformation</ModuleName>
      <Classes />
    </Module>
    <Module skippedDueTo="Filter" hash="92-A0-A8-8E-51-E6-AC-FD-A9-8C-33-D5-9F-34-2A-C5-2D-11-65-A6">
      <ModulePath>C:\Program Files\dotnet\shared\Microsoft.NETCore.App\2.0.6\System.Collections.dll</ModulePath>
      <ModuleTime>2018-02-12T18:08:12Z</ModuleTime>
      <ModuleName>System.Collections</ModuleName>
      <Classes />
    </Module>
    <Module skippedDueTo="Filter" hash="74-77-FB-84-E3-C2-3C-CD-DE-DE-03-62-6F-FC-4E-9B-2B-38-27-33">
      <ModulePath>C:\Program Files\dotnet\shared\Microsoft.NETCore.App\2.0.6\System.Runtime.InteropServices.dll</ModulePath>
      <ModuleTime>2018-02-12T18:08:16Z</ModuleTime>
      <ModuleName>System.Runtime.InteropServices</ModuleName>
      <Classes />
    </Module>
    <Module skippedDueTo="Filter" hash="39-CE-2D-79-52-EE-1C-FB-A4-40-2A-FC-71-B3-EE-EF-8A-A0-8F-E0">
      <ModulePath>C:\Program Files\dotnet\shared\Microsoft.NETCore.App\2.0.6\System.Console.dll</ModulePath>
      <ModuleTime>2018-02-12T18:08:14Z</ModuleTime>
      <ModuleName>System.Console</ModuleName>
      <Classes />
    </Module>
    <Module skippedDueTo="Filter" hash="9B-B2-26-38-80-06-02-28-A4-DF-F9-92-31-58-77-EB-78-E4-2F-E5">
      <ModulePath>C:\Program Files\dotnet\shared\Microsoft.NETCore.App\2.0.6\System.Diagnostics.Process.dll</ModulePath>
      <ModuleTime>2018-02-12T18:08:14Z</ModuleTime>
      <ModuleName>System.Diagnostics.Process</ModuleName>
      <Classes />
    </Module>
    <Module skippedDueTo="Filter" hash="19-EA-D5-8B-E7-5B-F7-A7-5D-34-D7-0B-4C-9E-95-3E-45-F3-88-6A">
      <ModulePath>C:\Program Files\dotnet\shared\Microsoft.NETCore.App\2.0.6\System.ComponentModel.Primitives.dll</ModulePath>
      <ModuleTime>2018-02-12T18:08:12Z</ModuleTime>
      <ModuleName>System.ComponentModel.Primitives</ModuleName>
      <Classes />
    </Module>
    <Module skippedDueTo="MissingPdb" hash="DC-FE-09-A9-41-62-B7-B2-38-0A-1A-6C-E2-E5-1F-9B-BA-F9-BD-70">
      <ModulePath>C:\Program Files\dotnet\sdk\2.1.103\Microsoft.Build.Framework.dll</ModulePath>
      <ModuleTime>2018-03-21T03:16:48Z</ModuleTime>
      <ModuleName>Microsoft.Build.Framework</ModuleName>
      <Classes />
    </Module>
    <Module skippedDueTo="Filter" hash="92-0F-F6-8D-25-2E-E2-96-B4-90-BB-09-1C-92-83-87-02-67-80-3D">
      <ModulePath>C:\Program Files\dotnet\shared\Microsoft.NETCore.App\2.0.6\System.IO.dll</ModulePath>
      <ModuleTime>2018-02-12T18:08:14Z</ModuleTime>
      <ModuleName>System.IO</ModuleName>
      <Classes />
    </Module>
    <Module skippedDueTo="MissingPdb" hash="CB-86-F2-07-7A-93-EF-C0-CB-73-EE-36-4E-54-8D-50-AC-FD-20-64">
      <ModulePath>C:\Program Files\dotnet\sdk\2.1.103\Microsoft.Build.dll</ModulePath>
      <ModuleTime>2018-03-21T03:16:48Z</ModuleTime>
      <ModuleName>Microsoft.Build</ModuleName>
      <Classes />
    </Module>
    <Module skippedDueTo="Filter" hash="7A-55-D0-BE-81-29-A1-73-C0-BC-64-08-30-2D-37-9C-D5-AB-6C-A3">
      <ModulePath>C:\Program Files\dotnet\sdk\2.1.103\runtimes\win\lib\netstandard1.3\System.Text.Encoding.CodePages.dll</ModulePath>
      <ModuleTime>2018-03-21T03:16:38Z</ModuleTime>
      <ModuleName>System.Text.Encoding.CodePages</ModuleName>
      <Classes />
    </Module>
    <Module skippedDueTo="Filter" hash="5B-FA-6D-3A-BF-CD-18-1B-F0-86-66-77-D2-D2-7F-72-AE-2E-2F-A0">
      <ModulePath>C:\Program Files\dotnet\shared\Microsoft.NETCore.App\2.0.6\System.Text.Encoding.dll</ModulePath>
      <ModuleTime>2018-02-12T18:08:18Z</ModuleTime>
      <ModuleName>System.Text.Encoding</ModuleName>
      <Classes />
    </Module>
    <Module skippedDueTo="Filter" hash="4E-25-12-36-8F-32-6E-98-57-06-C9-65-B7-76-85-61-93-FA-55-AE">
      <ModulePath>C:\Program Files\dotnet\shared\Microsoft.NETCore.App\2.0.6\System.Collections.NonGeneric.dll</ModulePath>
      <ModuleTime>2018-02-12T18:08:12Z</ModuleTime>
      <ModuleName>System.Collections.NonGeneric</ModuleName>
      <Classes />
    </Module>
    <Module skippedDueTo="Filter" hash="94-46-3F-80-95-7F-8A-16-35-39-D5-37-54-AE-3B-0E-95-D2-24-FF">
[...]
              <Summary numSequencePoints="8" visitedSequencePoints="0" numBranchPoints="3" visitedBranchPoints="0" sequenceCoverage="0" branchCoverage="0" maxCyclomaticComplexity="3" minCyclomaticComplexity="3" visitedClasses="0" numClasses="0" visitedMethods="0" numMethods="1" />
              <MetadataToken>100663303</MetadataToken>
              <Name>System.Void WebApi.Startup::Configure(Microsoft.AspNetCore.Builder.IApplicationBuilder,Microsoft.AspNetCore.Hosting.IHostingEnvironment)</Name>
              <FileRef uid="42" />
              <SequencePoints>
                <SequencePoint vc="0" uspid="705" ordinal="0" offset="0" sl="40" sc="9" el="40" ec="10" bec="0" bev="0" fileid="42" />
                <SequencePoint vc="0" uspid="706" ordinal="1" offset="1" sl="41" sc="13" el="41" ec="37" bec="2" bev="0" fileid="42" />
                <SequencePoint vc="0" uspid="707" ordinal="2" offset="11" sl="42" sc="13" el="42" ec="14" bec="0" bev="0" fileid="42" />
                <SequencePoint vc="0" uspid="708" ordinal="3" offset="12" sl="43" sc="17" el="43" ec="49" bec="0" bev="0" fileid="42" />
                <SequencePoint vc="0" uspid="709" ordinal="4" offset="19" sl="44" sc="13" el="44" ec="14" bec="0" bev="0" fileid="42" />
                <SequencePoint vc="0" uspid="710" ordinal="5" offset="20" sl="46" sc="13" el="46" ec="26" bec="0" bev="0" fileid="42" />
                <SequencePoint vc="0" uspid="711" ordinal="6" offset="27" sl="48" sc="13" el="51" ec="16" bec="0" bev="0" fileid="42" />
                <SequencePoint vc="0" uspid="712" ordinal="7" offset="71" sl="52" sc="9" el="52" ec="10" bec="0" bev="0" fileid="42" />
              </SequencePoints>
              <BranchPoints>
                <BranchPoint vc="0" uspid="713" ordinal="0" offset="9" sl="41" path="0" offsetend="11" fileid="42" />
                <BranchPoint vc="0" uspid="714" ordinal="1" offset="9" sl="41" path="1" offsetend="20" fileid="42" />
              </BranchPoints>
              <MethodPoint xsi:type="SequencePoint" vc="0" uspid="705" ordinal="0" offset="0" sl="40" sc="9" el="40" ec="10" bec="0" bev="0" fileid="42" />
            </Method>
          </Methods>
        </Class>
        <Class>
          <Summary numSequencePoints="9" visitedSequencePoints="0" numBranchPoints="2" visitedBranchPoints="0" sequenceCoverage="0" branchCoverage="0" maxCyclomaticComplexity="1" minCyclomaticComplexity="1" visitedClasses="0" numClasses="1" visitedMethods="0" numMethods="2" />
          <FullName>WebApi.Startup/&lt;&gt;c</FullName>
          <Methods>
            <Method visited="false" cyclomaticComplexity="1" nPathComplexity="0" sequenceCoverage="0" branchCoverage="0" isConstructor="true" isStatic="true" isGetter="false" isSetter="false">
              <Summary numSequencePoints="0" visitedSequencePoints="0" numBranchPoints="0" visitedBranchPoints="0" sequenceCoverage="0" branchCoverage="0" maxCyclomaticComplexity="1" minCyclomaticComplexity="1" visitedClasses="0" numClasses="0" visitedMethods="0" numMethods="0" />
              <MetadataToken>100663309</MetadataToken>
              <Name>System.Void WebApi.Startup/&lt;&gt;c::.cctor()</Name>
              <SequencePoints />
              <BranchPoints />
              <MethodPoint vc="0" uspid="717" ordinal="0" offset="0" />
            </Method>
            <Method visited="false" cyclomaticComplexity="1" nPathComplexity="0" sequenceCoverage="0" branchCoverage="0" isConstructor="true" isStatic="false" isGetter="false" isSetter="false">
              <Summary numSequencePoints="0" visitedSequencePoints="0" numBranchPoints="0" visitedBranchPoints="0" sequenceCoverage="0" branchCoverage="0" maxCyclomaticComplexity="1" minCyclomaticComplexity="1" visitedClasses="0" numClasses="0" visitedMethods="0" numMethods="0" />
              <MetadataToken>100663310</MetadataToken>
              <Name>System.Void WebApi.Startup/&lt;&gt;c::.ctor()</Name>
              <SequencePoints />
              <BranchPoints />
              <MethodPoint vc="0" uspid="718" ordinal="0" offset="0" />
            </Method>
            <Method visited="false" cyclomaticComplexity="1" nPathComplexity="0" sequenceCoverage="0" branchCoverage="0" isConstructor="false" isStatic="false" isGetter="false" isSetter="false">
              <Summary numSequencePoints="6" visitedSequencePoints="0" numBranchPoints="1" visitedBranchPoints="0" sequenceCoverage="0" branchCoverage="0" maxCyclomaticComplexity="1" minCyclomaticComplexity="1" visitedClasses="0" numClasses="0" visitedMethods="0" numMethods="1" />
              <MetadataToken>100663311</MetadataToken>
              <Name>System.Void WebApi.Startup/&lt;&gt;c::&lt;ConfigureServices&gt;b__4_0(Swashbuckle.AspNetCore.SwaggerGen.SwaggerGenOptions)</Name>
              <FileRef uid="42" />
              <SequencePoints>
                <SequencePoint vc="0" uspid="719" ordinal="0" offset="0" sl="28" sc="13" el="28" ec="14" bec="0" bev="0" fileid="42" />
                <SequencePoint vc="0" uspid="720" ordinal="1" offset="1" sl="29" sc="17" el="29" ec="84" bec="0" bev="0" fileid="42" />
                <SequencePoint vc="0" uspid="721" ordinal="2" offset="42" sl="31" sc="17" el="31" ec="99" bec="0" bev="0" fileid="42" />
                <SequencePoint vc="0" uspid="722" ordinal="3" offset="69" sl="32" sc="17" el="32" ec="102" bec="0" bev="0" fileid="42" />
                <SequencePoint vc="0" uspid="723" ordinal="4" offset="96" sl="34" sc="17" el="34" ec="47" bec="0" bev="0" fileid="42" />
                <SequencePoint vc="0" uspid="724" ordinal="5" offset="103" sl="35" sc="13" el="35" ec="14" bec="0" bev="0" fileid="42" />
              </SequencePoints>
              <BranchPoints />
              <MethodPoint xsi:type="SequencePoint" vc="0" uspid="719" ordinal="0" offset="0" sl="28" sc="13" el="28" ec="14" bec="0" bev="0" fileid="42" />
            </Method>
            <Method visited="false" cyclomaticComplexity="1" nPathComplexity="0" sequenceCoverage="0" branchCoverage="0" isConstructor="false" isStatic="false" isGetter="false" isSetter="false">
              <Summary numSequencePoints="3" visitedSequencePoints="0" numBranchPoints="1" visitedBranchPoints="0" sequenceCoverage="0" branchCoverage="0" maxCyclomaticComplexity="1" minCyclomaticComplexity="1" visitedClasses="0" numClasses="0" visitedMethods="0" numMethods="1" />
              <MetadataToken>100663312</MetadataToken>
              <Name>System.Void WebApi.Startup/&lt;&gt;c::&lt;Configure&gt;b__5_0(Swashbuckle.AspNetCore.SwaggerUI.SwaggerUIOptions)</Name>
              <FileRef uid="42" />
              <SequencePoints>
                <SequencePoint vc="0" uspid="725" ordinal="0" offset="0" sl="49" sc="13" el="49" ec="14" bec="0" bev="0" fileid="42" />
                <SequencePoint vc="0" uspid="726" ordinal="1" offset="1" sl="50" sc="17" el="50" ec="77" bec="0" bev="0" fileid="42" />
                <SequencePoint vc="0" uspid="727" ordinal="2" offset="18" sl="51" sc="13" el="51" ec="14" bec="0" bev="0" fileid="42" />
              </SequencePoints>
              <BranchPoints />
              <MethodPoint xsi:type="SequencePoint" vc="0" uspid="725" ordinal="0" offset="0" sl="49" sc="13" el="49" ec="14" bec="0" bev="0" fileid="42" />
            </Method>
          </Methods>
        </Class>
        <Class>
          <Summary numSequencePoints="33" visitedSequencePoints="33" numBranchPoints="5" visitedBranchPoints="5" sequenceCoverage="100" branchCoverage="100" maxCyclomaticComplexity="1" minCyclomaticComplexity="1" visitedClasses="1" numClasses="1" visitedMethods="5" numMethods="5" />
          <FullName>WebApi.Controllers.RoboController</FullName>
          <Methods>
            <Method visited="true" cyclomaticComplexity="1" nPathComplexity="0" sequenceCoverage="100" branchCoverage="100" isConstructor="false" isStatic="false" isGetter="true" isSetter="false">
              <Summary numSequencePoints="1" visitedSequencePoints="1" numBranchPoints="1" visitedBranchPoints="1" sequenceCoverage="100" branchCoverage="100" maxCyclomaticComplexity="1" minCyclomaticComplexity="1" visitedClasses="0" numClasses="0" visitedMethods="1" numMethods="1" />
              <MetadataToken>100663305</MetadataToken>
              <Name>Domain.Robo WebApi.Controllers.RoboController::get_Robo()</Name>
              <FileRef uid="44" />
              <SequencePoints>
                <SequencePoint vc="12" uspid="728" ordinal="0" offset="0" sl="26" sc="29" el="26" ec="33" bec="0" bev="0" fileid="44" />
              </SequencePoints>
              <BranchPoints />
              <MethodPoint xsi:type="SequencePoint" vc="12" uspid="728" ordinal="0" offset="0" sl="26" sc="29" el="26" ec="33" bec="0" bev="0" fileid="44" />
            </Method>
            <Method visited="true" cyclomaticComplexity="1" nPathComplexity="0" sequenceCoverage="100" branchCoverage="100" isConstructor="false" isStatic="false" isGetter="false" isSetter="true">
              <Summary numSequencePoints="1" visitedSequencePoints="1" numBranchPoints="1" visitedBranchPoints="1" sequenceCoverage="100" branchCoverage="100" maxCyclomaticComplexity="1" minCyclomaticComplexity="1" visitedClasses="0" numClasses="0" visitedMethods="1" numMethods="1" />
              <MetadataToken>100663306</MetadataToken>
              <Name>System.Void WebApi.Controllers.RoboController::set_Robo(Domain.Robo)</Name>
              <FileRef uid="44" />
              <SequencePoints>
                <SequencePoint vc="4" uspid="729" ordinal="0" offset="0" sl="26" sc="34" el="26" ec="38" bec="0" bev="0" fileid="44" />
              </SequencePoints>
              <BranchPoints />
              <MethodPoint xsi:type="SequencePoint" vc="4" uspid="729" ordinal="0" offset="0" sl="26" sc="34" el="26" ec="38" bec="0" bev="0" fileid="44" />
            </Method>
            <Method visited="true" cyclomaticComplexity="1" nPathComplexity="0" sequenceCoverage="100" branchCoverage="100" isConstructor="true" isStatic="false" isGetter="false" isSetter="false">
              <Summary numSequencePoints="4" visitedSequencePoints="4" numBranchPoints="1" visitedBranchPoints="1" sequenceCoverage="100" branchCoverage="100" maxCyclomaticComplexity="1" minCyclomaticComplexity="1" visitedClasses="0" numClasses="0" visitedMethods="1" numMethods="1" />
              <MetadataToken>100663304</MetadataToken>
              <Name>System.Void WebApi.Controllers.RoboController::.ctor(Domain.IRoboService)</Name>
              <FileRef uid="44" />
              <SequencePoints>
                <SequencePoint vc="9" uspid="730" ordinal="0" offset="0" sl="21" sc="9" el="21" ec="56" bec="0" bev="0" fileid="44" />
                <SequencePoint vc="9" uspid="731" ordinal="1" offset="7" sl="22" sc="9" el="22" ec="10" bec="0" bev="0" fileid="44" />
                <SequencePoint vc="9" uspid="732" ordinal="2" offset="8" sl="23" sc="13" el="23" ec="40" bec="0" bev="0" fileid="44" />
                <SequencePoint vc="9" uspid="733" ordinal="3" offset="15" sl="24" sc="9" el="24" ec="10" bec="0" bev="0" fileid="44" />
              </SequencePoints>
              <BranchPoints />
              <MethodPoint xsi:type="SequencePoint" vc="9" uspid="730" ordinal="0" offset="0" sl="21" sc="9" el="21" ec="56" bec="0" bev="0" fileid="44" />
            </Method>
            <Method visited="true" cyclomaticComplexity="1" nPathComplexity="0" sequenceCoverage="100" branchCoverage="100" isConstructor="false" isStatic="false" isGetter="false" isSetter="false">
              <Summary numSequencePoints="12" visitedSequencePoints="12" numBranchPoints="1" visitedBranchPoints="1" sequenceCoverage="100" branchCoverage="100" maxCyclomaticComplexity="1" minCyclomaticComplexity="1" visitedClasses="0" numClasses="0" visitedMethods="1" numMethods="1" />
              <MetadataToken>100663307</MetadataToken>
              <Name>Microsoft.AspNetCore.Mvc.IActionResult WebApi.Controllers.RoboController::Get()</Name>
              <FileRef uid="44" />
              <SequencePoints>
                <SequencePoint vc="5" uspid="734" ordinal="0" offset="0" sl="34" sc="9" el="34" ec="10" bec="0" bev="0" fileid="44" />
                <SequencePoint vc="5" uspid="735" ordinal="1" offset="1" sl="36" sc="13" el="36" ec="14" bec="0" bev="0" fileid="44" />
                <SequencePoint vc="5" uspid="736" ordinal="2" offset="2" sl="37" sc="17" el="37" ec="47" bec="0" bev="0" fileid="44" />
                <SequencePoint vc="4" uspid="737" ordinal="3" offset="20" sl="39" sc="17" el="39" ec="50" bec="0" bev="0" fileid="44" />
                <SequencePoint vc="4" uspid="738" ordinal="4" offset="26" sl="40" sc="17" el="40" ec="57" bec="0" bev="0" fileid="44" />
                <SequencePoint vc="4" uspid="739" ordinal="5" offset="44" sl="41" sc="17" el="41" ec="59" bec="0" bev="0" fileid="44" />
                <SequencePoint vc="4" uspid="740" ordinal="6" offset="62" sl="42" sc="17" el="42" ec="45" bec="0" bev="0" fileid="44" />
                <SequencePoint vc="4" uspid="741" ordinal="7" offset="80" sl="44" sc="17" el="44" ec="35" bec="0" bev="0" fileid="44" />
                <SequencePoint vc="1" uspid="742" ordinal="8" offset="90" sl="46" sc="13" el="46" ec="40" bec="0" bev="0" fileid="44" />
                <SequencePoint vc="1" uspid="743" ordinal="9" offset="91" sl="47" sc="13" el="47" ec="14" bec="0" bev="0" fileid="44" />
                <SequencePoint vc="1" uspid="744" ordinal="10" offset="92" sl="48" sc="17" el="48" ec="68" bec="0" bev="0" fileid="44" />
                <SequencePoint vc="5" uspid="745" ordinal="11" offset="112" sl="50" sc="9" el="50" ec="10" bec="0" bev="0" fileid="44" />
              </SequencePoints>
              <BranchPoints />
              <MethodPoint xsi:type="SequencePoint" vc="5" uspid="734" ordinal="0" offset="0" sl="34" sc="9" el="34" ec="10" bec="0" bev="0" fileid="44" />
            </Method>
            <Method visited="true" cyclomaticComplexity="1" nPathComplexity="0" sequenceCoverage="100" branchCoverage="100" isConstructor="false" isStatic="false" isGetter="false" isSetter="false">
              <Summary numSequencePoints="15" visitedSequencePoints="15" numBranchPoints="1" visitedBranchPoints="1" sequenceCoverage="100" branchCoverage="100" maxCyclomaticComplexity="1" minCyclomaticComplexity="1" visitedClasses="0" numClasses="0" visitedMethods="1" numMethods="1" />
              <MetadataToken>100663308</MetadataToken>
              <Name>Microsoft.AspNetCore.Mvc.IActionResult WebApi.Controllers.RoboController::Put(ViewModel.RoboViewModel)</Name>
              <FileRef uid="44" />
              <SequencePoints>
                <SequencePoint vc="3" uspid="746" ordinal="0" offset="0" sl="59" sc="9" el="59" ec="10" bec="0" bev="0" fileid="44" />
                <SequencePoint vc="3" uspid="747" ordinal="1" offset="1" sl="61" sc="13" el="61" ec="14" bec="0" bev="0" fileid="44" />
                <SequencePoint vc="3" uspid="748" ordinal="2" offset="2" sl="62" sc="17" el="62" ec="70" bec="0" bev="0" fileid="44" />
                <SequencePoint vc="1" uspid="749" ordinal="3" offset="15" sl="64" sc="17" el="64" ec="60" bec="0" bev="0" fileid="44" />
                <SequencePoint vc="1" uspid="750" ordinal="4" offset="21" sl="65" sc="17" el="65" ec="77" bec="0" bev="0" fileid="44" />
                <SequencePoint vc="1" uspid="751" ordinal="5" offset="34" sl="66" sc="17" el="66" ec="79" bec="0" bev="0" fileid="44" />
                <SequencePoint vc="1" uspid="752" ordinal="6" offset="47" sl="67" sc="17" el="67" ec="65" bec="0" bev="0" fileid="44" />
                <SequencePoint vc="1" uspid="753" ordinal="7" offset="60" sl="69" sc="17" el="69" ec="45" bec="0" bev="0" fileid="44" />
                <SequencePoint vc="1" uspid="754" ordinal="8" offset="70" sl="71" sc="13" el="71" ec="44" bec="0" bev="0" fileid="44" />
                <SequencePoint vc="1" uspid="755" ordinal="9" offset="71" sl="72" sc="13" el="72" ec="14" bec="0" bev="0" fileid="44" />
                <SequencePoint vc="1" uspid="756" ordinal="10" offset="72" sl="73" sc="17" el="73" ec="69" bec="0" bev="0" fileid="44" />
                <SequencePoint vc="1" uspid="757" ordinal="11" offset="92" sl="75" sc="13" el="75" ec="40" bec="0" bev="0" fileid="44" />
                <SequencePoint vc="1" uspid="758" ordinal="12" offset="94" sl="76" sc="13" el="76" ec="14" bec="0" bev="0" fileid="44" />
                <SequencePoint vc="1" uspid="759" ordinal="13" offset="95" sl="77" sc="17" el="77" ec="68" bec="0" bev="0" fileid="44" />
                <SequencePoint vc="3" uspid="760" ordinal="14" offset="116" sl="79" sc="9" el="79" ec="10" bec="0" bev="0" fileid="44" />
              </SequencePoints>
              <BranchPoints />
              <MethodPoint xsi:type="SequencePoint" vc="3" uspid="746" ordinal="0" offset="0" sl="59" sc="9" el="59" ec="10" bec="0" bev="0" fileid="44" />
            </Method>
          </Methods>
        </Class>
      </Classes>
    </Module>
    <Module skippedDueTo="Filter" hash="75-F5-A1-AF-BB-87-A9-5B-A6-49-59-3E-80-C9-F0-B4-BB-03-73-03">
      <ModulePath>C:\Program Files\dotnet\shared\Microsoft.NETCore.App\2.0.6\System.Runtime.Serialization.Json.dll</ModulePath>
      <ModuleTime>2018-02-12T18:08:16Z</ModuleTime>
      <ModuleName>System.Runtime.Serialization.Json</ModuleName>
      <Classes />
    </Module>
    <Module skippedDueTo="MissingPdb" hash="7A-10-5A-17-B0-36-07-93-95-06-30-1F-45-E0-64-3F-B1-17-5C-35">
      <ModulePath>C:\Program Files\dotnet\store\x64\netcoreapp2.0\microsoft.aspnetcore.mvc.viewfeatures\2.0.3\lib\netstandard2.0\Microsoft.AspNetCore.Mvc.ViewFeatures.dll</ModulePath>
      <ModuleTime>2018-02-20T23:43:16Z</ModuleTime>
      <ModuleName>Microsoft.AspNetCore.Mvc.ViewFeatures</ModuleName>
      <Classes />
    </Module>
    <Module skippedDueTo="MissingPdb" hash="BD-76-9F-F0-0E-97-B5-47-3C-F5-BE-9A-53-CE-EE-38-0D-6B-E1-9D">
      <ModulePath>C:\Program Files\dotnet\store\x64\netcoreapp2.0\microsoft.aspnetcore.mvc.core\2.0.3\lib\netstandard2.0\Microsoft.AspNetCore.Mvc.Core.dll</ModulePath>
      <ModuleTime>2018-02-20T23:43:16Z</ModuleTime>
      <ModuleName>Microsoft.AspNetCore.Mvc.Core</ModuleName>
      <Classes />
    </Module>
    <Module skippedDueTo="MissingPdb" hash="D7-4C-25-9E-F6-F3-AC-52-49-87-FB-5B-B5-45-ED-AA-3C-DC-3A-CD">
      <ModulePath>C:\Program Files\dotnet\shared\Microsoft.NETCore.App\2.0.6\netstandard.dll</ModulePath>
      <ModuleTime>2018-02-12T18:08:18Z</ModuleTime>
      <ModuleName>netstandard</ModuleName>
      <Classes />
    </Module>
    <Module skippedDueTo="MissingPdb" hash="E6-0F-C1-8E-61-CB-C3-7B-83-7F-AF-24-5C-F7-5E-B1-61-38-D9-10">
      <ModulePath>C:\Program Files\dotnet\store\x64\netcoreapp2.0\microsoft.aspnetcore.mvc.abstractions\2.0.3\lib\netstandard2.0\Microsoft.AspNetCore.Mvc.Abstractions.dll</ModulePath>
      <ModuleTime>2018-02-20T23:43:16Z</ModuleTime>
      <ModuleName>Microsoft.AspNetCore.Mvc.Abstractions</ModuleName>
      <Classes />
    </Module>
    <Module skippedDueTo="Filter" hash="0B-36-90-F0-F3-63-5D-00-15-B5-30-B4-0C-82-48-D6-B3-DD-90-CB">
      <ModulePath>C:\Program Files\dotnet\shared\Microsoft.NETCore.App\2.0.6\System.Private.DataContractSerialization.dll</ModulePath>
      <ModuleTime>2018-02-12T18:08:14Z</ModuleTime>
      <ModuleName>System.Private.DataContractSerialization</ModuleName>
      <Classes />
    </Module>
    <Module skippedDueTo="Filter" hash="DF-2C-0D-1E-52-A0-E9-F5-77-CA-68-4F-46-AF-0C-B2-75-A2-10-FC">
      <ModulePath>C:\Program Files\dotnet\shared\Microsoft.NETCore.App\2.0.6\System.ComponentModel.dll</ModulePath>
      <ModuleTime>2018-02-12T18:08:14Z</ModuleTime>
      <ModuleName>System.ComponentModel</ModuleName>
      <Classes />
    </Module>
  </Modules>
</CoverageSession>